#
# A fatal error has been detected by the Java Runtime Environment:
#
#  SIGSEGV (0xb) at pc=0x00007f3fdbf222b4, pid=8723, tid=8830
#
# JRE version:  (17.0.13+11) (build )
# Java VM: OpenJDK 64-Bit Server VM (17.0.13+11-suse-150400.3.48.2-x8664, mixed mode, sharing, tiered, compressed oops, compressed class ptrs, g1 gc, linux-amd64)
# Problematic frame:
# V  [libjvm.so+0x8382b4]  InstanceKlass::allocate_instance_handle(JavaThread*)+0x14
#
# Core dump will be written. Default location: Core dumps may be processed with "/bin/false" (or dumping to /home/swittche/Downloads/Search_With_Login_And_Jakarta_Security/core.8723)
#
#

---------------  S U M M A R Y ------------

Command Line: -Dclassworlds.conf=/usr/share/maven/bin/m2.conf -Dmaven.home=/usr/share/maven -Dlibrary.jansi.path=/usr/share/maven/lib/jansi-native -Dmaven.multiModuleProjectDirectory=/home/swittche/Downloads/Search_With_Login_And_Jakarta_Security org.codehaus.plexus.classworlds.launcher.Launcher clean

Host: Intel(R) Core(TM) i7-3820 CPU @ 3.60GHz, 8 cores, 15G, openSUSE Leap 15.5
Time: Tue Dec 16 09:01:21 2025 CET elapsed time: 2.633533 seconds (0d 0h 0m 2s)

---------------  T H R E A D  ---------------

Current thread (0x00007f3f9c000bb0):  JavaThread "Unknown thread" [_thread_in_vm, id=8830, stack(0x00007f3fa5800000,0x00007f3fa6000000)]

Stack: [0x00007f3fa5800000,0x00007f3fa6000000],  sp=0x00007f3fa5ffece0,  free space=8187k
Native frames: (J=compiled Java code, j=interpreted, Vv=VM code, C=native code)
V  [libjvm.so+0x8382b4]  InstanceKlass::allocate_instance_handle(JavaThread*)+0x14
V  [libjvm.so+0xeecd0b]  JavaThread::allocate_threadObj(Handle, char const*, bool, JavaThread*)+0x3b
V  [libjvm.so+0x8f6362]  attach_current_thread.part.256+0x152
V  [libjvm.so+0x8f653d]  jni_AttachCurrentThread+0x6d
C  0x00007f3fb4648701
C  0x00007f3fb4648a4e


siginfo: si_signo: 11 (SIGSEGV), si_code: 1 (SEGV_MAPERR), si_addr: 0x0000000000000008

Registers:
RAX=0x00007f3fdcadd500, RBX=0x00007f3f9c000bb0, RCX=0x0000000000000000, RDX=0x0000000000000000
RSP=0x00007f3fa5ffece0, RBP=0x00007f3fa5ffed20, RSI=0x00007f3f9c000bb0, RDI=0x0000000000000000
R8 =0x00007f3f9c000bb0, R9 =0x0000000000000000, R10=0x0000000000000000, R11=0x0000000000000000
R12=0x0000000000000000, R13=0x00007f3fa5ffece0, R14=0x00007f3fa5ffede0, R15=0x0000000000000000
RIP=0x00007f3fdbf222b4, EFLAGS=0x0000000000010202, CSGSFS=0x002b000000000033, ERR=0x0000000000000004
  TRAPNO=0x000000000000000e


Top of Stack: (sp=0x00007f3fa5ffece0)
0x00007f3fa5ffece0:   00007f3f9c001fd0 0000000000000003
0x00007f3fa5ffecf0:   00007f3fa5ffed50 00007f3fdbaab181
0x00007f3fa5ffed00:   0000000000000008 00007f3f9c000bb0
0x00007f3fa5ffed10:   0000000000000000 0000000000000000
0x00007f3fa5ffed20:   00007f3fa5ffedb0 00007f3fdc5d6d0b
0x00007f3fa5ffed30:   0000000000000000 00007f3f9c000bb0
0x00007f3fa5ffed40:   00007f3fdcadc4e0 0000000000000000
0x00007f3fa5ffed50:   0000000000000000 00007f3f9c000bb0
0x00007f3fa5ffed60:   00007f3fa5ffed80 00007f3fd4015f70
0x00007f3fa5ffed70:   00007f3fa5ffed90 f02a191a444cef00
0x00007f3fa5ffed80:   00007f3f9c000bb0 00007f3f9c000bb0
0x00007f3fa5ffed90:   0000000000000000 00007f3f9c000bb0
0x00007f3fa5ffeda0:   00007f3fa5ffede0 00007f3fa5ffedf0
0x00007f3fa5ffedb0:   00007f3fa5ffee60 00007f3fdbfe0362
0x00007f3fa5ffedc0:   00007f3f9c000020 0000000000000000
0x00007f3fa5ffedd0:   0000000000000000 00007f3fa5ffeeb0
0x00007f3fa5ffede0:   00007f3f9c000bb0 0000000000000000
0x00007f3fa5ffedf0:   00007f3f9c000bb0 00007f3f9c001560
0x00007f3fa5ffee00:   00007f3f9c0015a0 00007f3f9c0015b0
0x00007f3fa5ffee10:   00007f3f9c001688 00000000000000d8
0x00007f3fa5ffee20:   00007f3f9c0017b0 0000000000000000
0x00007f3fa5ffee30:   00007f3fa5ffee60 0000000000000000
0x00007f3fa5ffee40:   0000000000000000 00007f3fa5ffeeb0
0x00007f3fa5ffee50:   0000000000000000 0000000000000000
0x00007f3fa5ffee60:   00007f3fa5ffee90 00007f3fdbfe053d
0x00007f3fa5ffee70:   0000000000000000 0000000000000000
0x00007f3fa5ffee80:   00007f3fb450aefe 00007f3fb450aeff
0x00007f3fa5ffee90:   00007f3fa5ffeec0 00007f3fb4648701
0x00007f3fa5ffeea0:   00007f3fd800b838 00007f3fdca5d4e0
0x00007f3fa5ffeeb0:   0000000000000000 ffffffff00000000
0x00007f3fa5ffeec0:   00007f3fa5ffeef0 00007f3fb4648a4e
0x00007f3fa5ffeed0:   0000000000000000 00007f3fd800b830 

Instructions: (pc=0x00007f3fdbf222b4)
0x00007f3fdbf221b4:   89 e2 4c 89 ee e8 d2 41 02 00 48 83 7b 08 00 75
0x00007f3fdbf221c4:   3b 48 8b 85 20 ff ff ff 48 85 c0 74 2f 48 8b 18
0x00007f3fdbf221d4:   4c 89 ef e8 f4 c7 fa ff 48 8b 4d d8 64 48 33 0c
0x00007f3fdbf221e4:   25 28 00 00 00 48 89 d8 75 16 48 81 c4 d8 00 00
0x00007f3fdbf221f4:   00 5b 41 5c 41 5d 5d c3 0f 1f 40 00 31 db eb d0
0x00007f3fdbf22204:   e8 f7 89 a1 ff 90 66 0f 1f 44 00 00 55 48 89 e5
0x00007f3fdbf22214:   41 54 53 49 89 f4 48 83 ec 20 8b 47 08 8b 9f a4
0x00007f3fdbf22224:   00 00 00 48 89 7d e0 48 8d 7d d0 48 89 75 d8 c1
0x00007f3fdbf22234:   f8 03 81 e3 00 00 00 40 48 98 48 89 45 e8 48 8d
0x00007f3fdbf22244:   05 87 f9 a8 00 48 83 c0 10 48 89 45 d0 e8 8a cf
0x00007f3fdbf22254:   36 00 49 83 7c 24 08 00 75 35 85 db 74 0c 48 8d
0x00007f3fdbf22264:   15 7a a4 b3 00 80 3a 00 74 12 48 83 c4 20 5b 41
0x00007f3fdbf22274:   5c 5d c3 66 0f 1f 84 00 00 00 00 00 4c 89 e6 48
0x00007f3fdbf22284:   89 c7 e8 45 fe ff ff 49 83 7c 24 08 00 74 db 48
0x00007f3fdbf22294:   83 c4 20 31 c0 5b 41 5c 5d c3 66 90 55 48 89 e5
0x00007f3fdbf222a4:   41 55 41 54 53 4c 8d 6d c0 48 89 f3 48 83 ec 28
0x00007f3fdbf222b4:   8b 47 08 44 8b a7 a4 00 00 00 48 89 7d d0 4c 89
0x00007f3fdbf222c4:   ef 48 89 75 c8 c1 f8 03 41 81 e4 00 00 00 40 48
0x00007f3fdbf222d4:   98 48 89 45 d8 48 8d 05 f0 f8 a8 00 48 83 c0 10
0x00007f3fdbf222e4:   48 89 45 c0 e8 f3 ce 36 00 48 83 7b 08 00 75 4c
0x00007f3fdbf222f4:   45 85 e4 74 0c 48 8d 15 e3 a3 b3 00 80 3a 00 74
0x00007f3fdbf22304:   23 48 89 c2 48 89 de 4c 89 ef e8 0d 1c ba ff 48
0x00007f3fdbf22314:   8b 45 c0 48 83 c4 28 5b 41 5c 41 5d 5d c3 66 0f
0x00007f3fdbf22324:   1f 44 00 00 48 89 de 48 89 c7 e8 9d fd ff ff 48
0x00007f3fdbf22334:   83 7b 08 00 74 cb 66 0f 1f 44 00 00 31 c0 eb c1
0x00007f3fdbf22344:   66 66 2e 0f 1f 84 00 00 00 00 00 90 55 48 89 e5
0x00007f3fdbf22354:   41 55 41 54 53 49 89 fd 48 89 f3 48 81 ec 08 01
0x00007f3fdbf22364:   00 00 64 48 8b 04 25 28 00 00 00 48 89 45 d8 31
0x00007f3fdbf22374:   c0 e8 36 b8 ff ff 48 89 85 e8 fe ff ff 48 85 c0
0x00007f3fdbf22384:   f3 0f 7e 85 e8 fe ff ff 48 89 9d e8 fe ff ff 0f
0x00007f3fdbf22394:   16 85 e8 fe ff ff 0f 29 85 f0 fe ff ff 74 1a 48
0x00007f3fdbf223a4:   8d b5 00 ff ff ff 48 8b bb 48 02 00 00 48 89 85 



---------------  P R O C E S S  ---------------

Threads class SMR info:
_java_thread_list=0x00007f3f9c001cf0, length=1, elements={
0x00007f3f9c000bb0
}

Java Threads: ( => current thread )
=>0x00007f3f9c000bb0 JavaThread "Unknown thread" [_thread_in_vm, id=8830, stack(0x00007f3fa5800000,0x00007f3fa6000000)]

Other Threads:
  0x00007f3fd4083c90 GCTaskThread "GC Thread#0" [stack: 0x00007f3fd865d000,0x00007f3fd875d000] [id=8777]
  0x00007f3fd4094bb0 ConcurrentGCThread "G1 Main Marker" [stack: 0x00007f3fd855c000,0x00007f3fd865c000] [id=8779]
  0x00007f3fd4095b30 ConcurrentGCThread "G1 Conc#0" [stack: 0x00007f3fd845b000,0x00007f3fd855b000] [id=8781]
  0x00007f3fd414a780 ConcurrentGCThread "G1 Refine#0" [stack: 0x00007f3fb512f000,0x00007f3fb522f000] [id=8785]
  0x00007f3fd414b690 ConcurrentGCThread "G1 Service" [stack: 0x00007f3fb502e000,0x00007f3fb512e000] [id=8786]

Threads with active compile tasks:

VM state: not at safepoint (not fully initialized)

VM Mutex/Monitor currently owned by a thread: None

Heap address: 0x0000000707000000, size: 3984 MB, Compressed Oops mode: Zero based, Oop shift amount: 3

CDS archive(s) mapped at: [0x00007f3f57000000-0x00007f3f57be4000-0x00007f3f57be4000), size 12468224, SharedBaseAddress: 0x00007f3f57000000, ArchiveRelocationMode: 1.
Compressed class space mapped at: 0x00007f3f58000000-0x00007f3f98000000, reserved size: 1073741824
Narrow klass base: 0x00007f3f57000000, Narrow klass shift: 0, Narrow klass range: 0x100000000

GC Precious Log:
 CPUs: 8 total, 8 available
 Memory: 15933M
 Large Page Support: Disabled
 NUMA Support: Disabled
 Compressed Oops: Enabled (Zero based)
 Heap Region Size: 2M
 Heap Min Capacity: 8M
 Heap Initial Capacity: 250M
 Heap Max Capacity: 3984M
 Pre-touch: Disabled
 Parallel Workers: 8
 Concurrent Workers: 2
 Concurrent Refinement Workers: 8
 Periodic GC: Disabled

Heap:
 garbage-first heap   total 260096K, used 1980K [0x0000000707000000, 0x0000000800000000)
  region size 2048K, 1 young (2048K), 0 survivors (0K)
 Metaspace       used 0K, committed 0K, reserved 1048576K
  class space    used 0K, committed 0K, reserved 1048576K

Heap Regions: E=young(eden), S=young(survivor), O=old, HS=humongous(starts), HC=humongous(continues), CS=collection set, F=free, OA=open archive, CA=closed archive, TAMS=top-at-mark-start (previous, next)
|   0|0x0000000707000000, 0x0000000707000000, 0x0000000707200000|  0%| F|  |TAMS 0x0000000707000000, 0x0000000707000000| Untracked 
|   1|0x0000000707200000, 0x0000000707200000, 0x0000000707400000|  0%| F|  |TAMS 0x0000000707200000, 0x0000000707200000| Untracked 
|   2|0x0000000707400000, 0x0000000707400000, 0x0000000707600000|  0%| F|  |TAMS 0x0000000707400000, 0x0000000707400000| Untracked 
|   3|0x0000000707600000, 0x0000000707600000, 0x0000000707800000|  0%| F|  |TAMS 0x0000000707600000, 0x0000000707600000| Untracked 
|   4|0x0000000707800000, 0x0000000707800000, 0x0000000707a00000|  0%| F|  |TAMS 0x0000000707800000, 0x0000000707800000| Untracked 
|   5|0x0000000707a00000, 0x0000000707a00000, 0x0000000707c00000|  0%| F|  |TAMS 0x0000000707a00000, 0x0000000707a00000| Untracked 
|   6|0x0000000707c00000, 0x0000000707c00000, 0x0000000707e00000|  0%| F|  |TAMS 0x0000000707c00000, 0x0000000707c00000| Untracked 
|   7|0x0000000707e00000, 0x0000000707e00000, 0x0000000708000000|  0%| F|  |TAMS 0x0000000707e00000, 0x0000000707e00000| Untracked 
|   8|0x0000000708000000, 0x0000000708000000, 0x0000000708200000|  0%| F|  |TAMS 0x0000000708000000, 0x0000000708000000| Untracked 
|   9|0x0000000708200000, 0x0000000708200000, 0x0000000708400000|  0%| F|  |TAMS 0x0000000708200000, 0x0000000708200000| Untracked 
|  10|0x0000000708400000, 0x0000000708400000, 0x0000000708600000|  0%| F|  |TAMS 0x0000000708400000, 0x0000000708400000| Untracked 
|  11|0x0000000708600000, 0x0000000708600000, 0x0000000708800000|  0%| F|  |TAMS 0x0000000708600000, 0x0000000708600000| Untracked 
|  12|0x0000000708800000, 0x0000000708800000, 0x0000000708a00000|  0%| F|  |TAMS 0x0000000708800000, 0x0000000708800000| Untracked 
|  13|0x0000000708a00000, 0x0000000708a00000, 0x0000000708c00000|  0%| F|  |TAMS 0x0000000708a00000, 0x0000000708a00000| Untracked 
|  14|0x0000000708c00000, 0x0000000708c00000, 0x0000000708e00000|  0%| F|  |TAMS 0x0000000708c00000, 0x0000000708c00000| Untracked 
|  15|0x0000000708e00000, 0x0000000708e00000, 0x0000000709000000|  0%| F|  |TAMS 0x0000000708e00000, 0x0000000708e00000| Untracked 
|  16|0x0000000709000000, 0x0000000709000000, 0x0000000709200000|  0%| F|  |TAMS 0x0000000709000000, 0x0000000709000000| Untracked 
|  17|0x0000000709200000, 0x0000000709200000, 0x0000000709400000|  0%| F|  |TAMS 0x0000000709200000, 0x0000000709200000| Untracked 
|  18|0x0000000709400000, 0x0000000709400000, 0x0000000709600000|  0%| F|  |TAMS 0x0000000709400000, 0x0000000709400000| Untracked 
|  19|0x0000000709600000, 0x0000000709600000, 0x0000000709800000|  0%| F|  |TAMS 0x0000000709600000, 0x0000000709600000| Untracked 
|  20|0x0000000709800000, 0x0000000709800000, 0x0000000709a00000|  0%| F|  |TAMS 0x0000000709800000, 0x0000000709800000| Untracked 
|  21|0x0000000709a00000, 0x0000000709a00000, 0x0000000709c00000|  0%| F|  |TAMS 0x0000000709a00000, 0x0000000709a00000| Untracked 
|  22|0x0000000709c00000, 0x0000000709c00000, 0x0000000709e00000|  0%| F|  |TAMS 0x0000000709c00000, 0x0000000709c00000| Untracked 
|  23|0x0000000709e00000, 0x0000000709e00000, 0x000000070a000000|  0%| F|  |TAMS 0x0000000709e00000, 0x0000000709e00000| Untracked 
|  24|0x000000070a000000, 0x000000070a000000, 0x000000070a200000|  0%| F|  |TAMS 0x000000070a000000, 0x000000070a000000| Untracked 
|  25|0x000000070a200000, 0x000000070a200000, 0x000000070a400000|  0%| F|  |TAMS 0x000000070a200000, 0x000000070a200000| Untracked 
|  26|0x000000070a400000, 0x000000070a400000, 0x000000070a600000|  0%| F|  |TAMS 0x000000070a400000, 0x000000070a400000| Untracked 
|  27|0x000000070a600000, 0x000000070a600000, 0x000000070a800000|  0%| F|  |TAMS 0x000000070a600000, 0x000000070a600000| Untracked 
|  28|0x000000070a800000, 0x000000070a800000, 0x000000070aa00000|  0%| F|  |TAMS 0x000000070a800000, 0x000000070a800000| Untracked 
|  29|0x000000070aa00000, 0x000000070aa00000, 0x000000070ac00000|  0%| F|  |TAMS 0x000000070aa00000, 0x000000070aa00000| Untracked 
|  30|0x000000070ac00000, 0x000000070ac00000, 0x000000070ae00000|  0%| F|  |TAMS 0x000000070ac00000, 0x000000070ac00000| Untracked 
|  31|0x000000070ae00000, 0x000000070ae00000, 0x000000070b000000|  0%| F|  |TAMS 0x000000070ae00000, 0x000000070ae00000| Untracked 
|  32|0x000000070b000000, 0x000000070b000000, 0x000000070b200000|  0%| F|  |TAMS 0x000000070b000000, 0x000000070b000000| Untracked 
|  33|0x000000070b200000, 0x000000070b200000, 0x000000070b400000|  0%| F|  |TAMS 0x000000070b200000, 0x000000070b200000| Untracked 
|  34|0x000000070b400000, 0x000000070b400000, 0x000000070b600000|  0%| F|  |TAMS 0x000000070b400000, 0x000000070b400000| Untracked 
|  35|0x000000070b600000, 0x000000070b600000, 0x000000070b800000|  0%| F|  |TAMS 0x000000070b600000, 0x000000070b600000| Untracked 
|  36|0x000000070b800000, 0x000000070b800000, 0x000000070ba00000|  0%| F|  |TAMS 0x000000070b800000, 0x000000070b800000| Untracked 
|  37|0x000000070ba00000, 0x000000070ba00000, 0x000000070bc00000|  0%| F|  |TAMS 0x000000070ba00000, 0x000000070ba00000| Untracked 
|  38|0x000000070bc00000, 0x000000070bc00000, 0x000000070be00000|  0%| F|  |TAMS 0x000000070bc00000, 0x000000070bc00000| Untracked 
|  39|0x000000070be00000, 0x000000070be00000, 0x000000070c000000|  0%| F|  |TAMS 0x000000070be00000, 0x000000070be00000| Untracked 
|  40|0x000000070c000000, 0x000000070c000000, 0x000000070c200000|  0%| F|  |TAMS 0x000000070c000000, 0x000000070c000000| Untracked 
|  41|0x000000070c200000, 0x000000070c200000, 0x000000070c400000|  0%| F|  |TAMS 0x000000070c200000, 0x000000070c200000| Untracked 
|  42|0x000000070c400000, 0x000000070c400000, 0x000000070c600000|  0%| F|  |TAMS 0x000000070c400000, 0x000000070c400000| Untracked 
|  43|0x000000070c600000, 0x000000070c600000, 0x000000070c800000|  0%| F|  |TAMS 0x000000070c600000, 0x000000070c600000| Untracked 
|  44|0x000000070c800000, 0x000000070c800000, 0x000000070ca00000|  0%| F|  |TAMS 0x000000070c800000, 0x000000070c800000| Untracked 
|  45|0x000000070ca00000, 0x000000070ca00000, 0x000000070cc00000|  0%| F|  |TAMS 0x000000070ca00000, 0x000000070ca00000| Untracked 
|  46|0x000000070cc00000, 0x000000070cc00000, 0x000000070ce00000|  0%| F|  |TAMS 0x000000070cc00000, 0x000000070cc00000| Untracked 
|  47|0x000000070ce00000, 0x000000070ce00000, 0x000000070d000000|  0%| F|  |TAMS 0x000000070ce00000, 0x000000070ce00000| Untracked 
|  48|0x000000070d000000, 0x000000070d000000, 0x000000070d200000|  0%| F|  |TAMS 0x000000070d000000, 0x000000070d000000| Untracked 
|  49|0x000000070d200000, 0x000000070d200000, 0x000000070d400000|  0%| F|  |TAMS 0x000000070d200000, 0x000000070d200000| Untracked 
|  50|0x000000070d400000, 0x000000070d400000, 0x000000070d600000|  0%| F|  |TAMS 0x000000070d400000, 0x000000070d400000| Untracked 
|  51|0x000000070d600000, 0x000000070d600000, 0x000000070d800000|  0%| F|  |TAMS 0x000000070d600000, 0x000000070d600000| Untracked 
|  52|0x000000070d800000, 0x000000070d800000, 0x000000070da00000|  0%| F|  |TAMS 0x000000070d800000, 0x000000070d800000| Untracked 
|  53|0x000000070da00000, 0x000000070da00000, 0x000000070dc00000|  0%| F|  |TAMS 0x000000070da00000, 0x000000070da00000| Untracked 
|  54|0x000000070dc00000, 0x000000070dc00000, 0x000000070de00000|  0%| F|  |TAMS 0x000000070dc00000, 0x000000070dc00000| Untracked 
|  55|0x000000070de00000, 0x000000070de00000, 0x000000070e000000|  0%| F|  |TAMS 0x000000070de00000, 0x000000070de00000| Untracked 
|  56|0x000000070e000000, 0x000000070e000000, 0x000000070e200000|  0%| F|  |TAMS 0x000000070e000000, 0x000000070e000000| Untracked 
|  57|0x000000070e200000, 0x000000070e200000, 0x000000070e400000|  0%| F|  |TAMS 0x000000070e200000, 0x000000070e200000| Untracked 
|  58|0x000000070e400000, 0x000000070e400000, 0x000000070e600000|  0%| F|  |TAMS 0x000000070e400000, 0x000000070e400000| Untracked 
|  59|0x000000070e600000, 0x000000070e600000, 0x000000070e800000|  0%| F|  |TAMS 0x000000070e600000, 0x000000070e600000| Untracked 
|  60|0x000000070e800000, 0x000000070e800000, 0x000000070ea00000|  0%| F|  |TAMS 0x000000070e800000, 0x000000070e800000| Untracked 
|  61|0x000000070ea00000, 0x000000070ea00000, 0x000000070ec00000|  0%| F|  |TAMS 0x000000070ea00000, 0x000000070ea00000| Untracked 
|  62|0x000000070ec00000, 0x000000070ec00000, 0x000000070ee00000|  0%| F|  |TAMS 0x000000070ec00000, 0x000000070ec00000| Untracked 
|  63|0x000000070ee00000, 0x000000070ee00000, 0x000000070f000000|  0%| F|  |TAMS 0x000000070ee00000, 0x000000070ee00000| Untracked 
|  64|0x000000070f000000, 0x000000070f000000, 0x000000070f200000|  0%| F|  |TAMS 0x000000070f000000, 0x000000070f000000| Untracked 
|  65|0x000000070f200000, 0x000000070f200000, 0x000000070f400000|  0%| F|  |TAMS 0x000000070f200000, 0x000000070f200000| Untracked 
|  66|0x000000070f400000, 0x000000070f400000, 0x000000070f600000|  0%| F|  |TAMS 0x000000070f400000, 0x000000070f400000| Untracked 
|  67|0x000000070f600000, 0x000000070f600000, 0x000000070f800000|  0%| F|  |TAMS 0x000000070f600000, 0x000000070f600000| Untracked 
|  68|0x000000070f800000, 0x000000070f800000, 0x000000070fa00000|  0%| F|  |TAMS 0x000000070f800000, 0x000000070f800000| Untracked 
|  69|0x000000070fa00000, 0x000000070fa00000, 0x000000070fc00000|  0%| F|  |TAMS 0x000000070fa00000, 0x000000070fa00000| Untracked 
|  70|0x000000070fc00000, 0x000000070fc00000, 0x000000070fe00000|  0%| F|  |TAMS 0x000000070fc00000, 0x000000070fc00000| Untracked 
|  71|0x000000070fe00000, 0x000000070fe00000, 0x0000000710000000|  0%| F|  |TAMS 0x000000070fe00000, 0x000000070fe00000| Untracked 
|  72|0x0000000710000000, 0x0000000710000000, 0x0000000710200000|  0%| F|  |TAMS 0x0000000710000000, 0x0000000710000000| Untracked 
|  73|0x0000000710200000, 0x0000000710200000, 0x0000000710400000|  0%| F|  |TAMS 0x0000000710200000, 0x0000000710200000| Untracked 
|  74|0x0000000710400000, 0x0000000710400000, 0x0000000710600000|  0%| F|  |TAMS 0x0000000710400000, 0x0000000710400000| Untracked 
|  75|0x0000000710600000, 0x0000000710600000, 0x0000000710800000|  0%| F|  |TAMS 0x0000000710600000, 0x0000000710600000| Untracked 
|  76|0x0000000710800000, 0x0000000710800000, 0x0000000710a00000|  0%| F|  |TAMS 0x0000000710800000, 0x0000000710800000| Untracked 
|  77|0x0000000710a00000, 0x0000000710a00000, 0x0000000710c00000|  0%| F|  |TAMS 0x0000000710a00000, 0x0000000710a00000| Untracked 
|  78|0x0000000710c00000, 0x0000000710c00000, 0x0000000710e00000|  0%| F|  |TAMS 0x0000000710c00000, 0x0000000710c00000| Untracked 
|  79|0x0000000710e00000, 0x0000000710e00000, 0x0000000711000000|  0%| F|  |TAMS 0x0000000710e00000, 0x0000000710e00000| Untracked 
|  80|0x0000000711000000, 0x0000000711000000, 0x0000000711200000|  0%| F|  |TAMS 0x0000000711000000, 0x0000000711000000| Untracked 
|  81|0x0000000711200000, 0x0000000711200000, 0x0000000711400000|  0%| F|  |TAMS 0x0000000711200000, 0x0000000711200000| Untracked 
|  82|0x0000000711400000, 0x0000000711400000, 0x0000000711600000|  0%| F|  |TAMS 0x0000000711400000, 0x0000000711400000| Untracked 
|  83|0x0000000711600000, 0x0000000711600000, 0x0000000711800000|  0%| F|  |TAMS 0x0000000711600000, 0x0000000711600000| Untracked 
|  84|0x0000000711800000, 0x0000000711800000, 0x0000000711a00000|  0%| F|  |TAMS 0x0000000711800000, 0x0000000711800000| Untracked 
|  85|0x0000000711a00000, 0x0000000711a00000, 0x0000000711c00000|  0%| F|  |TAMS 0x0000000711a00000, 0x0000000711a00000| Untracked 
|  86|0x0000000711c00000, 0x0000000711c00000, 0x0000000711e00000|  0%| F|  |TAMS 0x0000000711c00000, 0x0000000711c00000| Untracked 
|  87|0x0000000711e00000, 0x0000000711e00000, 0x0000000712000000|  0%| F|  |TAMS 0x0000000711e00000, 0x0000000711e00000| Untracked 
|  88|0x0000000712000000, 0x0000000712000000, 0x0000000712200000|  0%| F|  |TAMS 0x0000000712000000, 0x0000000712000000| Untracked 
|  89|0x0000000712200000, 0x0000000712200000, 0x0000000712400000|  0%| F|  |TAMS 0x0000000712200000, 0x0000000712200000| Untracked 
|  90|0x0000000712400000, 0x0000000712400000, 0x0000000712600000|  0%| F|  |TAMS 0x0000000712400000, 0x0000000712400000| Untracked 
|  91|0x0000000712600000, 0x0000000712600000, 0x0000000712800000|  0%| F|  |TAMS 0x0000000712600000, 0x0000000712600000| Untracked 
|  92|0x0000000712800000, 0x0000000712800000, 0x0000000712a00000|  0%| F|  |TAMS 0x0000000712800000, 0x0000000712800000| Untracked 
|  93|0x0000000712a00000, 0x0000000712a00000, 0x0000000712c00000|  0%| F|  |TAMS 0x0000000712a00000, 0x0000000712a00000| Untracked 
|  94|0x0000000712c00000, 0x0000000712c00000, 0x0000000712e00000|  0%| F|  |TAMS 0x0000000712c00000, 0x0000000712c00000| Untracked 
|  95|0x0000000712e00000, 0x0000000712e00000, 0x0000000713000000|  0%| F|  |TAMS 0x0000000712e00000, 0x0000000712e00000| Untracked 
|  96|0x0000000713000000, 0x0000000713000000, 0x0000000713200000|  0%| F|  |TAMS 0x0000000713000000, 0x0000000713000000| Untracked 
|  97|0x0000000713200000, 0x0000000713200000, 0x0000000713400000|  0%| F|  |TAMS 0x0000000713200000, 0x0000000713200000| Untracked 
|  98|0x0000000713400000, 0x0000000713400000, 0x0000000713600000|  0%| F|  |TAMS 0x0000000713400000, 0x0000000713400000| Untracked 
|  99|0x0000000713600000, 0x0000000713600000, 0x0000000713800000|  0%| F|  |TAMS 0x0000000713600000, 0x0000000713600000| Untracked 
| 100|0x0000000713800000, 0x0000000713800000, 0x0000000713a00000|  0%| F|  |TAMS 0x0000000713800000, 0x0000000713800000| Untracked 
| 101|0x0000000713a00000, 0x0000000713a00000, 0x0000000713c00000|  0%| F|  |TAMS 0x0000000713a00000, 0x0000000713a00000| Untracked 
| 102|0x0000000713c00000, 0x0000000713c00000, 0x0000000713e00000|  0%| F|  |TAMS 0x0000000713c00000, 0x0000000713c00000| Untracked 
| 103|0x0000000713e00000, 0x0000000713e00000, 0x0000000714000000|  0%| F|  |TAMS 0x0000000713e00000, 0x0000000713e00000| Untracked 
| 104|0x0000000714000000, 0x0000000714000000, 0x0000000714200000|  0%| F|  |TAMS 0x0000000714000000, 0x0000000714000000| Untracked 
| 105|0x0000000714200000, 0x0000000714200000, 0x0000000714400000|  0%| F|  |TAMS 0x0000000714200000, 0x0000000714200000| Untracked 
| 106|0x0000000714400000, 0x0000000714400000, 0x0000000714600000|  0%| F|  |TAMS 0x0000000714400000, 0x0000000714400000| Untracked 
| 107|0x0000000714600000, 0x0000000714600000, 0x0000000714800000|  0%| F|  |TAMS 0x0000000714600000, 0x0000000714600000| Untracked 
| 108|0x0000000714800000, 0x0000000714800000, 0x0000000714a00000|  0%| F|  |TAMS 0x0000000714800000, 0x0000000714800000| Untracked 
| 109|0x0000000714a00000, 0x0000000714a00000, 0x0000000714c00000|  0%| F|  |TAMS 0x0000000714a00000, 0x0000000714a00000| Untracked 
| 110|0x0000000714c00000, 0x0000000714c00000, 0x0000000714e00000|  0%| F|  |TAMS 0x0000000714c00000, 0x0000000714c00000| Untracked 
| 111|0x0000000714e00000, 0x0000000714e00000, 0x0000000715000000|  0%| F|  |TAMS 0x0000000714e00000, 0x0000000714e00000| Untracked 
| 112|0x0000000715000000, 0x0000000715000000, 0x0000000715200000|  0%| F|  |TAMS 0x0000000715000000, 0x0000000715000000| Untracked 
| 113|0x0000000715200000, 0x0000000715200000, 0x0000000715400000|  0%| F|  |TAMS 0x0000000715200000, 0x0000000715200000| Untracked 
| 114|0x0000000715400000, 0x0000000715400000, 0x0000000715600000|  0%| F|  |TAMS 0x0000000715400000, 0x0000000715400000| Untracked 
| 115|0x0000000715600000, 0x0000000715600000, 0x0000000715800000|  0%| F|  |TAMS 0x0000000715600000, 0x0000000715600000| Untracked 
| 116|0x0000000715800000, 0x0000000715800000, 0x0000000715a00000|  0%| F|  |TAMS 0x0000000715800000, 0x0000000715800000| Untracked 
| 117|0x0000000715a00000, 0x0000000715a00000, 0x0000000715c00000|  0%| F|  |TAMS 0x0000000715a00000, 0x0000000715a00000| Untracked 
| 118|0x0000000715c00000, 0x0000000715c00000, 0x0000000715e00000|  0%| F|  |TAMS 0x0000000715c00000, 0x0000000715c00000| Untracked 
| 119|0x0000000715e00000, 0x0000000715e00000, 0x0000000716000000|  0%| F|  |TAMS 0x0000000715e00000, 0x0000000715e00000| Untracked 
| 120|0x0000000716000000, 0x0000000716000000, 0x0000000716200000|  0%| F|  |TAMS 0x0000000716000000, 0x0000000716000000| Untracked 
| 121|0x0000000716200000, 0x0000000716200000, 0x0000000716400000|  0%| F|  |TAMS 0x0000000716200000, 0x0000000716200000| Untracked 
| 122|0x0000000716400000, 0x0000000716400000, 0x0000000716600000|  0%| F|  |TAMS 0x0000000716400000, 0x0000000716400000| Untracked 
| 123|0x0000000716600000, 0x0000000716600000, 0x0000000716800000|  0%| F|  |TAMS 0x0000000716600000, 0x0000000716600000| Untracked 
| 124|0x0000000716800000, 0x0000000716870a48, 0x0000000716a00000| 22%| E|  |TAMS 0x0000000716800000, 0x0000000716800000| Complete 
|1990|0x00000007ffc00000, 0x00000007ffd76000, 0x00000007ffe00000| 73%|OA|  |TAMS 0x00000007ffc00000, 0x00000007ffc00000| Untracked 
|1991|0x00000007ffe00000, 0x00000007ffe79000, 0x0000000800000000| 23%|CA|  |TAMS 0x00000007ffe00000, 0x00000007ffe00000| Untracked 

Card table byte_map: [0x00007f3fd8fa6000,0x00007f3fd976e000] _byte_map_base: 0x00007f3fd576e000

Marking Bits (Prev, Next): (CMBitMap*) 0x00007f3fd4084730, (CMBitMap*) 0x00007f3fd4084770
 Prev Bits: [0x00007f3fb9473000, 0x00007f3fbd2b3000)
 Next Bits: [0x00007f3fb5633000, 0x00007f3fb9473000)

GC Heap History (0 events):
No events

Dll operation events (1 events):
Event: 0.535 Loaded shared library /usr/lib64/jvm/java-17-openjdk-17/lib/libjava.so

Deoptimization events (0 events):
No events

Classes loaded (0 events):
No events

Classes unloaded (0 events):
No events

Classes redefined (0 events):
No events

Internal exceptions (0 events):
No events

VM Operations (0 events):
No events

Memory protections (2 events):
Event: 0.330 Protecting memory [0x00007f3fdb21c000,0x00007f3fdb220000] with protection modes 0
Event: 1.655 Protecting memory [0x00007f3fa5800000,0x00007f3fa5804000] with protection modes 0

Nmethod flushes (0 events):
No events

Events (1 events):
Event: 1.762 Thread 0x00007f3f9c000bb0 Thread added: 0x00007f3f9c000bb0


Dynamic libraries:
707000000-716a00000 rw-p 00000000 00:00 0 
716a00000-7ffc00000 ---p 00000000 00:00 0 
7ffc00000-7ffd00000 rw-p 00000000 00:00 0 
7ffd00000-7ffd76000 rw-p 00c96000 103:01 3224008211                      /usr/lib64/jvm/java-17-openjdk-17/lib/server/classes.jsa
7ffd76000-7ffe00000 rw-p 00000000 00:00 0 
7ffe00000-7ffe79000 rw-p 00c1d000 103:01 3224008211                      /usr/lib64/jvm/java-17-openjdk-17/lib/server/classes.jsa
7ffe79000-800000000 rw-p 00000000 00:00 0 
557ee63d4000-557ee63d5000 r-xp 00000000 103:01 3224154516                /usr/lib64/jvm/java-17-openjdk-17/bin/java
557ee63d5000-557ee63d6000 r--p 00001000 103:01 3224154516                /usr/lib64/jvm/java-17-openjdk-17/bin/java
557ee63d6000-557ee63d7000 rw-p 00002000 103:01 3224154516                /usr/lib64/jvm/java-17-openjdk-17/bin/java
557ee6806000-557ee684c000 rw-p 00000000 00:00 0                          [heap]
7f3f57000000-7f3f57be4000 rw-p 00001000 103:01 3224008211                /usr/lib64/jvm/java-17-openjdk-17/lib/server/classes.jsa
7f3f57be4000-7f3f98000000 ---p 00000000 00:00 0 
7f3f98000000-7f3f98021000 rw-p 00000000 00:00 0 
7f3f98021000-7f3f9c000000 ---p 00000000 00:00 0 
7f3f9c000000-7f3f9c021000 rw-p 00000000 00:00 0 
7f3f9c021000-7f3fa0000000 ---p 00000000 00:00 0 
7f3fa0000000-7f3fa0021000 rw-p 00000000 00:00 0 
7f3fa0021000-7f3fa4000000 ---p 00000000 00:00 0 
7f3fa57ff000-7f3fa5800000 ---p 00000000 00:00 0 
7f3fa5800000-7f3fa5804000 ---p 00000000 00:00 0 
7f3fa5804000-7f3fa8000000 rw-p 00000000 00:00 0 
7f3fa8000000-7f3fa8021000 rw-p 00000000 00:00 0 
7f3fa8021000-7f3fac000000 ---p 00000000 00:00 0 
7f3fac000000-7f3fac021000 rw-p 00000000 00:00 0 
7f3fac021000-7f3fb0000000 ---p 00000000 00:00 0 
7f3fb0000000-7f3fb0021000 rw-p 00000000 00:00 0 
7f3fb0021000-7f3fb4000000 ---p 00000000 00:00 0 
7f3fb44fb000-7f3fb450b000 rw-p 00000000 00:00 0 
7f3fb450b000-7f3fb4645000 r--p 00000000 103:01 3221989462                /opt/traps/lib/libmoduleng64.so
7f3fb4645000-7f3fb4869000 r-xp 0013a000 103:01 3221989462                /opt/traps/lib/libmoduleng64.so
7f3fb4869000-7f3fb49c4000 r--p 0035e000 103:01 3221989462                /opt/traps/lib/libmoduleng64.so
7f3fb49c4000-7f3fb4a64000 rw-p 004b8000 103:01 3221989462                /opt/traps/lib/libmoduleng64.so
7f3fb4a64000-7f3fb4a6a000 rw-p 00000000 00:00 0 
7f3fb4b2a000-7f3fb502d000 rw-p 00000000 00:00 0 
7f3fb502d000-7f3fb502e000 ---p 00000000 00:00 0 
7f3fb502e000-7f3fb512e000 rw-p 00000000 00:00 0 
7f3fb512e000-7f3fb512f000 ---p 00000000 00:00 0 
7f3fb512f000-7f3fb5a1b000 rw-p 00000000 00:00 0 
7f3fb5a1b000-7f3fb9463000 ---p 00000000 00:00 0 
7f3fb9463000-7f3fb985b000 rw-p 00000000 00:00 0 
7f3fb985b000-7f3fbd2a3000 ---p 00000000 00:00 0 
7f3fbd2a3000-7f3fbd2b3000 rw-p 00000000 00:00 0 
7f3fbd2b3000-7f3fbd523000 rwxp 00000000 00:00 0 
7f3fbd523000-7f3fc47ea000 ---p 00000000 00:00 0 
7f3fc47ea000-7f3fc4a5a000 rwxp 00000000 00:00 0 
7f3fc4a5a000-7f3fc4d7c000 ---p 00000000 00:00 0 
7f3fc4d7c000-7f3fc4fec000 rwxp 00000000 00:00 0 
7f3fc4fec000-7f3fcc2b3000 ---p 00000000 00:00 0 
7f3fcc2b3000-7f3fd4000000 r--s 00000000 103:01 3224154529                /usr/lib64/jvm/java-17-openjdk-17/lib/modules
7f3fd4000000-7f3fd4172000 rw-p 00000000 00:00 0 
7f3fd4172000-7f3fd8000000 ---p 00000000 00:00 0 
7f3fd8008000-7f3fd8018000 rw-p 00000000 00:00 0 
7f3fd8056000-7f3fd845a000 rw-p 00000000 00:00 0 
7f3fd845a000-7f3fd845b000 ---p 00000000 00:00 0 
7f3fd845b000-7f3fd855b000 rw-p 00000000 00:00 0 
7f3fd855b000-7f3fd855c000 ---p 00000000 00:00 0 
7f3fd855c000-7f3fd865c000 rw-p 00000000 00:00 0 
7f3fd865c000-7f3fd865d000 ---p 00000000 00:00 0 
7f3fd865d000-7f3fd885b000 rw-p 00000000 00:00 0 
7f3fd885b000-7f3fd8fa4000 ---p 00000000 00:00 0 
7f3fd8fa4000-7f3fd9023000 rw-p 00000000 00:00 0 
7f3fd9023000-7f3fd976c000 ---p 00000000 00:00 0 
7f3fd976c000-7f3fd97eb000 rw-p 00000000 00:00 0 
7f3fd97eb000-7f3fd9f34000 ---p 00000000 00:00 0 
7f3fd9f34000-7f3fda743000 rw-p 00000000 00:00 0 
7f3fda743000-7f3fda829000 ---p 00000000 00:00 0 
7f3fda829000-7f3fda82e000 rw-p 00000000 00:00 0 
7f3fda82e000-7f3fda914000 ---p 00000000 00:00 0 
7f3fda914000-7f3fda919000 rw-p 00000000 00:00 0 
7f3fda919000-7f3fda920000 ---p 00000000 00:00 0 
7f3fda920000-7f3fda945000 r-xp 00000000 103:01 3224065757                /usr/lib64/jvm/java-17-openjdk-17/lib/libjava.so
7f3fda945000-7f3fda946000 r--p 00025000 103:01 3224065757                /usr/lib64/jvm/java-17-openjdk-17/lib/libjava.so
7f3fda946000-7f3fda947000 rw-p 00026000 103:01 3224065757                /usr/lib64/jvm/java-17-openjdk-17/lib/libjava.so
7f3fda947000-7f3fda948000 rw-p 00000000 00:00 0 
7f3fda948000-7f3fdb21c000 r--s 00000000 103:01 1075005711                /var/lib/sss/mc/passwd
7f3fdb21c000-7f3fdb220000 ---p 00000000 00:00 0 
7f3fdb220000-7f3fdb31d000 rw-p 00000000 00:00 0 
7f3fdb31d000-7f3fdb348000 r-xp 00000000 103:01 1073920183                /lib64/libgcc_s.so.1
7f3fdb348000-7f3fdb349000 r--p 0002b000 103:01 1073920183                /lib64/libgcc_s.so.1
7f3fdb349000-7f3fdb34a000 rw-p 0002c000 103:01 1073920183                /lib64/libgcc_s.so.1
7f3fdb34a000-7f3fdb493000 r-xp 00000000 103:01 1074576220                /lib64/libm-2.31.so
7f3fdb493000-7f3fdb494000 r--p 00148000 103:01 1074576220                /lib64/libm-2.31.so
7f3fdb494000-7f3fdb496000 rw-p 00149000 103:01 1074576220                /lib64/libm-2.31.so
7f3fdb496000-7f3fdb6d8000 r-xp 00000000 103:01 2150252704                /usr/lib64/libstdc++.so.6.0.33
7f3fdb6d8000-7f3fdb6e3000 r--p 00242000 103:01 2150252704                /usr/lib64/libstdc++.so.6.0.33
7f3fdb6e3000-7f3fdb6e6000 rw-p 0024d000 103:01 2150252704                /usr/lib64/libstdc++.so.6.0.33
7f3fdb6e6000-7f3fdb6ea000 rw-p 00000000 00:00 0 
7f3fdb6ea000-7f3fdc99f000 r-xp 00000000 103:01 3224008215                /usr/lib64/jvm/java-17-openjdk-17/lib/server/libjvm.so
7f3fdc99f000-7f3fdca57000 r--p 012b4000 103:01 3224008215                /usr/lib64/jvm/java-17-openjdk-17/lib/server/libjvm.so
7f3fdca57000-7f3fdca8c000 rw-p 0136c000 103:01 3224008215                /usr/lib64/jvm/java-17-openjdk-17/lib/server/libjvm.so
7f3fdca8c000-7f3fdcae9000 rw-p 00000000 00:00 0 
7f3fdcae9000-7f3fdcb07000 r-xp 00000000 103:01 1074576235                /lib64/libpthread-2.31.so
7f3fdcb07000-7f3fdcb08000 r--p 0001d000 103:01 1074576235                /lib64/libpthread-2.31.so
7f3fdcb08000-7f3fdcb09000 rw-p 0001e000 103:01 1074576235                /lib64/libpthread-2.31.so
7f3fdcb09000-7f3fdcb0f000 rw-p 00000000 00:00 0 
7f3fdcb0f000-7f3fdcb12000 r-xp 00000000 103:01 1074576218                /lib64/libdl-2.31.so
7f3fdcb12000-7f3fdcb13000 r--p 00002000 103:01 1074576218                /lib64/libdl-2.31.so
7f3fdcb13000-7f3fdcb14000 rw-p 00003000 103:01 1074576218                /lib64/libdl-2.31.so
7f3fdcb14000-7f3fdcb2b000 r-xp 00000000 103:01 2150947386                /usr/lib64/libz.so.1.2.13
7f3fdcb2b000-7f3fdcb2c000 r--p 00016000 103:01 2150947386                /usr/lib64/libz.so.1.2.13
7f3fdcb2c000-7f3fdcb2d000 rw-p 00017000 103:01 2150947386                /usr/lib64/libz.so.1.2.13
7f3fdcb2d000-7f3fdcc34000 r-xp 00000000 103:01 1074576216                /lib64/libc-2.31.so
7f3fdcc34000-7f3fdcc35000 r-xp 00107000 103:01 1074576216                /lib64/libc-2.31.so
7f3fdcc35000-7f3fdcd15000 r-xp 00108000 103:01 1074576216                /lib64/libc-2.31.so
7f3fdcd15000-7f3fdcd18000 r--p 001e7000 103:01 1074576216                /lib64/libc-2.31.so
7f3fdcd18000-7f3fdcd20000 rw-p 001ea000 103:01 1074576216                /lib64/libc-2.31.so
7f3fdcd20000-7f3fdcd24000 rw-p 00000000 00:00 0 
7f3fdcd25000-7f3fdcd26000 r-xp 00000000 00:00 0 
7f3fdcd26000-7f3fdcd2e000 rw-s 00000000 103:01 1074614648                /tmp/hsperfdata_swittche/8723
7f3fdcd2e000-7f3fdcd38000 r-xp 00000000 103:01 1074764314                /lib64/libnss_sss.so.2
7f3fdcd38000-7f3fdcd39000 r--p 00009000 103:01 1074764314                /lib64/libnss_sss.so.2
7f3fdcd39000-7f3fdcd3a000 rw-p 0000a000 103:01 1074764314                /lib64/libnss_sss.so.2
7f3fdcd3a000-7f3fdcd42000 r-xp 00000000 103:01 1073919851                /lib64/libnss_compat-2.31.so
7f3fdcd42000-7f3fdcd43000 r--p 00007000 103:01 1073919851                /lib64/libnss_compat-2.31.so
7f3fdcd43000-7f3fdcd44000 rw-p 00008000 103:01 1073919851                /lib64/libnss_compat-2.31.so
7f3fdcd44000-7f3fdcd45000 ---p 00000000 00:00 0 
7f3fdcd45000-7f3fdcd46000 r--p 00000000 00:00 0 
7f3fdcd46000-7f3fdcd47000 ---p 00000000 00:00 0 
7f3fdcd47000-7f3fdcd4c000 r-xp 00000000 103:01 3224065760                /usr/lib64/jvm/java-17-openjdk-17/lib/libjimage.so
7f3fdcd4c000-7f3fdcd4d000 r--p 00004000 103:01 3224065760                /usr/lib64/jvm/java-17-openjdk-17/lib/libjimage.so
7f3fdcd4d000-7f3fdcd4e000 rw-p 00005000 103:01 3224065760                /usr/lib64/jvm/java-17-openjdk-17/lib/libjimage.so
7f3fdcd4e000-7f3fdcd5d000 r-xp 00000000 103:01 3224065761                /usr/lib64/jvm/java-17-openjdk-17/lib/libjli.so
7f3fdcd5d000-7f3fdcd5e000 r--p 0000f000 103:01 3224065761                /usr/lib64/jvm/java-17-openjdk-17/lib/libjli.so
7f3fdcd5e000-7f3fdcd5f000 rw-p 00010000 103:01 3224065761                /usr/lib64/jvm/java-17-openjdk-17/lib/libjli.so
7f3fdcd5f000-7f3fdcd61000 rw-p 00000000 00:00 0 
7f3fdcd61000-7f3fdcd8c000 r-xp 00000000 103:01 1074576061                /lib64/ld-2.31.so
7f3fdcd8c000-7f3fdcd8d000 r--p 0002a000 103:01 1074576061                /lib64/ld-2.31.so
7f3fdcd8d000-7f3fdcd8f000 rw-p 0002b000 103:01 1074576061                /lib64/ld-2.31.so
7fff88b9c000-7fff88bbe000 rw-p 00000000 00:00 0                          [stack]
7fff88bf3000-7fff88bf7000 r--p 00000000 00:00 0                          [vvar]
7fff88bf7000-7fff88bf9000 r-xp 00000000 00:00 0                          [vdso]
ffffffffff600000-ffffffffff601000 --xp 00000000 00:00 0                  [vsyscall]


VM Arguments:
jvm_args: -Dclassworlds.conf=/usr/share/maven/bin/m2.conf -Dmaven.home=/usr/share/maven -Dlibrary.jansi.path=/usr/share/maven/lib/jansi-native -Dmaven.multiModuleProjectDirectory=/home/swittche/Downloads/Search_With_Login_And_Jakarta_Security 
java_command: org.codehaus.plexus.classworlds.launcher.Launcher clean
java_class_path (initial): /usr/share/java/plexus-classworlds.jar
Launcher Type: SUN_STANDARD

[Global flags]
     intx CICompilerCount                          = 4                                         {product} {ergonomic}
     uint ConcGCThreads                            = 2                                         {product} {ergonomic}
     uint G1ConcRefinementThreads                  = 8                                         {product} {ergonomic}
   size_t G1HeapRegionSize                         = 2097152                                   {product} {ergonomic}
    uintx GCDrainStackTargetSize                   = 64                                        {product} {ergonomic}
   size_t InitialHeapSize                          = 262144000                                 {product} {ergonomic}
   size_t MarkStackSize                            = 4194304                                   {product} {ergonomic}
   size_t MaxHeapSize                              = 4177526784                                {product} {ergonomic}
   size_t MaxNewSize                               = 2506096640                                {product} {ergonomic}
   size_t MinHeapDeltaBytes                        = 2097152                                   {product} {ergonomic}
   size_t MinHeapSize                              = 8388608                                   {product} {ergonomic}
    uintx NonNMethodCodeHeapSize                   = 5839372                                {pd product} {ergonomic}
    uintx NonProfiledCodeHeapSize                  = 122909434                              {pd product} {ergonomic}
    uintx ProfiledCodeHeapSize                     = 122909434                              {pd product} {ergonomic}
    uintx ReservedCodeCacheSize                    = 251658240                              {pd product} {ergonomic}
     bool SegmentedCodeCache                       = true                                      {product} {ergonomic}
   size_t SoftMaxHeapSize                          = 4177526784                             {manageable} {ergonomic}
     bool UseCompressedClassPointers               = true                           {product lp64_product} {ergonomic}
     bool UseCompressedOops                        = true                           {product lp64_product} {ergonomic}
     bool UseG1GC                                  = true                                      {product} {ergonomic}

Logging:
Log output configuration:
 #0: stdout all=warning uptime,level,tags
 #1: stderr all=off uptime,level,tags

Environment Variables:
JAVA_HOME=/usr/lib64/jvm/java-17-openjdk-17
PATH=/home/swittche/.nvm/versions/node/v24.11.1/bin:/usr/local/bin:/usr/bin:/bin:/snap/bin
SHELL=/bin/bash
DISPLAY=:0
HOSTTYPE=x86_64
OSTYPE=linux
MACHTYPE=x86_64-suse-linux
LANG=en_US.UTF-8
TERM=xterm-256color

Active Locale:
LC_ALL=C
LC_COLLATE=C
LC_CTYPE=C
LC_MESSAGES=C
LC_MONETARY=C
LC_NUMERIC=C
LC_TIME=C

Signal Handlers:
   SIGSEGV: crash_handler in libjvm.so, mask=11100100010111111101111111111110, flags=SA_RESTART|SA_SIGINFO, unblocked
    SIGBUS: crash_handler in libjvm.so, mask=11100100010111111101111111111110, flags=SA_RESTART|SA_SIGINFO, unblocked
    SIGFPE: crash_handler in libjvm.so, mask=11100100010111111101111111111110, flags=SA_RESTART|SA_SIGINFO, unblocked
   SIGPIPE: javaSignalHandler in libjvm.so, mask=11100100010111111101111111111110, flags=SA_RESTART|SA_SIGINFO, blocked
   SIGXFSZ: javaSignalHandler in libjvm.so, mask=11100100010111111101111111111110, flags=SA_RESTART|SA_SIGINFO, blocked
    SIGILL: crash_handler in libjvm.so, mask=11100100010111111101111111111110, flags=SA_RESTART|SA_SIGINFO, unblocked
   SIGUSR2: SR_handler in libjvm.so, mask=00100000000000000000000000000000, flags=SA_RESTART|SA_SIGINFO, blocked
    SIGHUP: SIG_DFL, mask=00000000000000000000000000000000, flags=none, blocked
    SIGINT: SIG_DFL, mask=00000000000000000000000000000000, flags=none, blocked
   SIGTERM: SIG_DFL, mask=00000000000000000000000000000000, flags=none, blocked
   SIGQUIT: UserHandler in libjvm.so, mask=11100100010111111101111111111110, flags=SA_RESTART|SA_SIGINFO, blocked
   SIGTRAP: crash_handler in libjvm.so, mask=11100100010111111101111111111110, flags=SA_RESTART|SA_SIGINFO, unblocked


Periodic native trim disabled


---------------  S Y S T E M  ---------------

OS:
NAME="openSUSE Leap"
VERSION="15.5"
ID="opensuse-leap"
ID_LIKE="suse opensuse"
VERSION_ID="15.5"
PRETTY_NAME="openSUSE Leap 15.5"
ANSI_COLOR="0;32"
CPE_NAME="cpe:/o:opensuse:leap:15.5"
BUG_REPORT_URL="https://bugs.opensuse.org"
HOME_URL="https://www.opensuse.org/"
DOCUMENTATION_URL="https://en.opensuse.org/Portal:Leap"
LOGO="distributor-logo-Leap"
uname: Linux 5.14.21-150500.55.88-default #1 SMP PREEMPT_DYNAMIC Fri Dec 6 16:43:20 UTC 2024 (e102a89) x86_64
OS uptime: 0 days 0:07 hours
libc: glibc 2.31 NPTL 2.31 
rlimit (soft/hard): STACK 8192k/infinity , CORE infinity/infinity , NPROC 63605/63605 , NOFILE 524288/524288 , AS infinity/infinity , CPU infinity/infinity , DATA infinity/infinity , FSIZE infinity/infinity , MEMLOCK 64k/64k
load average: 5.29 4.62 2.35

/proc/meminfo:
MemTotal:       16316184 kB
MemFree:        10291700 kB
MemAvailable:   13184508 kB
Buffers:            5436 kB
Cached:          2978992 kB
SwapCached:            0 kB
Active:           480260 kB
Inactive:        4752388 kB
Active(anon):       4988 kB
Inactive(anon):  2272592 kB
Active(file):     475272 kB
Inactive(file):  2479796 kB
Unevictable:         176 kB
Mlocked:             176 kB
SwapTotal:      16777212 kB
SwapFree:       16777212 kB
Dirty:               156 kB
Writeback:             0 kB
AnonPages:       2166496 kB
Mapped:           946052 kB
Shmem:             29084 kB
KReclaimable:     273144 kB
Slab:             371664 kB
SReclaimable:     273144 kB
SUnreclaim:        98520 kB
KernelStack:       11764 kB
PageTables:        27464 kB
NFS_Unstable:          0 kB
Bounce:                0 kB
WritebackTmp:          0 kB
CommitLimit:    24935304 kB
Committed_AS:    7077736 kB
VmallocTotal:   34359738367 kB
VmallocUsed:       58984 kB
VmallocChunk:          0 kB
Percpu:             5280 kB
HardwareCorrupted:     0 kB
AnonHugePages:    600064 kB
ShmemHugePages:        0 kB
ShmemPmdMapped:        0 kB
FileHugePages:         0 kB
FilePmdMapped:         0 kB
CmaTotal:              0 kB
CmaFree:               0 kB
Unaccepted:            0 kB
HugePages_Total:       0
HugePages_Free:        0
HugePages_Rsvd:        0
HugePages_Surp:        0
Hugepagesize:       2048 kB
Hugetlb:               0 kB
DirectMap4k:      367080 kB
DirectMap2M:     7966720 kB
DirectMap1G:     8388608 kB

/sys/kernel/mm/transparent_hugepage/enabled: [always] madvise never
/sys/kernel/mm/transparent_hugepage/hpage_pmd_size: 2097152
/sys/kernel/mm/transparent_hugepage/defrag (defrag/compaction efforts parameter): always defer defer+madvise [madvise] never

Process Memory:
Virtual Size: 6242300K (peak: 6242300K)
Resident Set Size: 44528K (peak: 44528K) (anon: 26448K, file: 18080K, shmem: 0K)
Swapped out: 0K
C-Heap outstanding allocations: 23275K, retained: 856K
glibc malloc tunables: (default)

/proc/sys/kernel/threads-max (system-wide limit on the number of threads): 127210
/proc/sys/vm/max_map_count (maximum number of memory map areas a process may have): 65530
/proc/sys/vm/swappiness (control to define how aggressively the kernel swaps out anonymous memory): 60
/proc/sys/kernel/pid_max (system-wide limit on number of process identifiers): 32768

container (cgroup) information:
container_type: cgroupv1
cpu_cpuset_cpus: 0-7
cpu_memory_nodes: 0
active_processor_count: 8
cpu_quota: no quota
cpu_period: 100000
cpu_shares: no shares
memory_limit_in_bytes: unlimited
memory_and_swap_limit_in_bytes: unlimited
memory_soft_limit_in_bytes: unlimited
memory_usage_in_bytes: 3247132 k
memory_max_usage_in_bytes: 3247284 k
kernel_memory_usage_in_bytes: 129644 k
kernel_memory_max_usage_in_bytes: unlimited
kernel_memory_limit_in_bytes: 130408 k
maximum number of tasks: unlimited
current number of tasks: 294

Steal ticks since vm start: 0
Steal ticks percentage since vm start:  0.000

CPU: total 8 (initial active 8) (4 cores per cpu, 2 threads per core) family 6 model 45 stepping 7 microcode 0x71a, cx8, cmov, fxsr, ht, mmx, sse, sse2, sse3, ssse3, sse4.1, sse4.2, popcnt, tsc, tscinvbit, avx, aes, clmul, vzeroupper, clflush
CPU Model and flags from /proc/cpuinfo:
model name	: Intel(R) Core(TM) i7-3820 CPU @ 3.60GHz
flags		: fpu vme de pse tsc msr pae mce cx8 apic sep mtrr pge mca cmov pat pse36 clflush dts acpi mmx fxsr sse sse2 ss ht tm pbe syscall nx pdpe1gb rdtscp lm constant_tsc arch_perfmon pebs bts rep_good nopl xtopology nonstop_tsc cpuid aperfmperf pni pclmulqdq dtes64 monitor ds_cpl vmx est tm2 ssse3 cx16 xtpr pdcm pcid dca sse4_1 sse4_2 x2apic popcnt tsc_deadline_timer aes xsave avx lahf_lm epb pti ssbd ibrs ibpb stibp tpr_shadow vnmi flexpriority ept vpid xsaveopt dtherm ida arat pln pts md_clear flush_l1d

Online cpus: 0-7
Offline cpus: 
BIOS frequency limitation: <Not Available>
Frequency switch latency (ns): 0
Available cpu frequencies: <Not Available>
Current governor: powersave
Core performance/turbo boost: <Not Available>

Memory: 4k page, physical 16316184k(10291700k free), swap 16777212k(16777212k free)
Page Sizes: 4k

vm_info: OpenJDK 64-Bit Server VM (17.0.13+11-suse-150400.3.48.2-x8664) for linux-amd64 JRE (17.0.13+11-suse-150400.3.48.2-x8664), built on Nov  4 2024 13:19:33 by "abuild" with gcc 7.5.0

END.
