#
# A fatal error has been detected by the Java Runtime Environment:
#
#  SIGSEGV (0xb) at pc=0x0000000000000000, pid=8940, tid=8982
#
# JRE version:  (17.0.13+11) (build )
# Java VM: OpenJDK 64-Bit Server VM (17.0.13+11-suse-150400.3.48.2-x8664, mixed mode, sharing, tiered, compressed oops, compressed class ptrs, g1 gc, linux-amd64)
# Problematic frame:
# v  ~StubRoutines::call_stub
#
# Core dump will be written. Default location: Core dumps may be processed with "/bin/false" (or dumping to /home/swittche/Downloads/Search_With_Login_And_Jakarta_Security/core.8940)
#
#

---------------  S U M M A R Y ------------

Command Line: -Dclassworlds.conf=/usr/share/maven/bin/m2.conf -Dmaven.home=/usr/share/maven -Dlibrary.jansi.path=/usr/share/maven/lib/jansi-native -Dmaven.multiModuleProjectDirectory=/home/swittche/Downloads/Search_With_Login_And_Jakarta_Security org.codehaus.plexus.classworlds.launcher.Launcher package

Host: Intel(R) Core(TM) i7-3820 CPU @ 3.60GHz, 8 cores, 15G, openSUSE Leap 15.5
Time: Tue Dec 16 09:01:49 2025 CET elapsed time: 3.179482 seconds (0d 0h 0m 3s)

---------------  T H R E A D  ---------------

Current thread (0x00007f0da0000bb0):  JavaThread "<no-name - thread is attaching>" [_thread_in_Java, id=8982, stack(0x00007f0e0006a000,0x00007f0e0086a000)]

Stack: [0x00007f0e0006a000,0x00007f0e0086a000],  sp=0x00007f0e00868a38,  free space=8186k
Native frames: (J=compiled Java code, j=interpreted, Vv=VM code, C=native code)
v  ~StubRoutines::call_stub
V  [libjvm.so+0x85cc24]  JavaCalls::call_helper(JavaValue*, methodHandle const&, JavaCallArguments*, JavaThread*)+0x334
V  [libjvm.so+0x85e4b4]  JavaCalls::call_special(JavaValue*, Handle, Klass*, Symbol*, Symbol*, Handle, Handle, JavaThread*)+0x1d4
V  [libjvm.so+0xeece22]  JavaThread::allocate_threadObj(Handle, char const*, bool, JavaThread*)+0x152
V  [libjvm.so+0x8f6362]  attach_current_thread.part.256+0x152
V  [libjvm.so+0x8f653d]  jni_AttachCurrentThread+0x6d
C  0x00007f0e009c7701
C  0x00007f0e009c7a4e


siginfo: si_signo: 11 (SIGSEGV), si_code: 1 (SEGV_MAPERR), si_addr: 0x0000000000000000

Registers:
RAX=0x0000000000000000, RBX=0x00007f0dab406340, RCX=0x0000000000000003, RDX=0x00007f0e00868c70
RSP=0x00007f0e00868a30, RBP=0x00007f0e00868ab0, RSI=0x0000000000000000, RDI=0x00007f0e00868b30
R8 =0x0000000000000000, R9 =0x00007f0e00868c58, R10=0x00007f0da00008d0, R11=0x0000000000000012
R12=0x0000000000000000, R13=0x00007f0e00868a38, R14=0x00007f0e00868bc0, R15=0x00007f0da0000bb0
RIP=0x0000000000000000, EFLAGS=0x0000000000010246, CSGSFS=0x002b000000000033, ERR=0x0000000000000014
  TRAPNO=0x000000000000000e


Register to memory mapping:

RAX=0x0 is NULL
RBX={method} {0x00007f0dab406340} '<init>' '(Ljava/lang/ThreadGroup;Ljava/lang/Runnable;)V' in 'java/lang/Thread'
RCX=0x0000000000000003 is an unknown value
RDX=0x00007f0e00868c70 is pointing into the stack for thread: 0x00007f0da0000bb0
RSP=0x00007f0e00868a30 is pointing into the stack for thread: 0x00007f0da0000bb0
RBP=0x00007f0e00868ab0 is pointing into the stack for thread: 0x00007f0da0000bb0
RSI=0x0 is NULL
RDI=0x00007f0e00868b30 is pointing into the stack for thread: 0x00007f0da0000bb0
R8 =0x0 is NULL
R9 =0x00007f0e00868c58 is pointing into the stack for thread: 0x00007f0da0000bb0
R10=0x00007f0da00008d0 points into unknown readable memory: 0x0000000000000000 | 00 00 00 00 00 00 00 00
R11=0x0000000000000012 is an unknown value
R12=0x0 is NULL
R13=0x00007f0e00868a38 is pointing into the stack for thread: 0x00007f0da0000bb0
R14=0x00007f0e00868bc0 is pointing into the stack for thread: 0x00007f0da0000bb0
R15=0x00007f0da0000bb0 is a thread


Top of Stack: (sp=0x00007f0e00868a30)
0x00007f0e00868a30:   00007f0e147eacc9 0000000000000000
0x00007f0e00868a40:   0000000000000000 0000000716870a48
0x00007f0e00868a50:   00007f0e00001fa0 00007f0e00868af0
0x00007f0e00868a60:   00007f0e00868bc0 00007f0e00868d78
0x00007f0e00868a70:   00007f0e00868c50 00007f0da0000bb0
0x00007f0e00868a80:   00007f0e00868b30 00007f0e00868d78
0x00007f0e00868a90:   00007f0e0000000a 00007f0dab406340
0x00007f0e00868aa0:   0000000000000000 00007f0e00868c58
0x00007f0e00868ab0:   00007f0e00868ba0 00007f0e2a3a1c24
0x00007f0e00868ac0:   0000000000000003 00007f0da0000bb0
0x00007f0e00868ad0:   00007f0efbad8001 00007f0e00868b30
0x00007f0e00868ae0:   0000000e0000000a 0000000000000000
0x00007f0e00868af0:   00007f0da0000bb0 00007f0da0001560
0x00007f0e00868b00:   00007f0da00015a0 00007f0da00015b8
0x00007f0e00868b10:   00007f0da0001688 00000000000000d8
0x00007f0e00868b20:   00007f0e00868df0 00007f0e00868c10
0x00007f0e00868b30:   00007f0da0000bb0 00007f0da0001e90
0x00007f0e00868b40:   00007f0dab406340 0000000716870a48
0x00007f0e00868b50:   0000000000000000 0000000000000000
0x00007f0e00868b60:   0000000000000000 00007f0e00868d70
0x00007f0e00868b70:   0000000000000278 00007f0e00868c10
0x00007f0e00868b80:   00007f0e00868bd0 00007f0da0000bb0
0x00007f0e00868b90:   00007f0e00868c50 00007f0e00868d70
0x00007f0e00868ba0:   00007f0e00868d10 00007f0e2a3a34b4
0x00007f0e00868bb0:   000000770000007c 00007f0e00868bc0
0x00007f0e00868bc0:   00007f0dab406340 00007f0da0000bb0
0x00007f0e00868bd0:   00007f0dab462c08 00007f0dab465620
0x00007f0e00868be0:   00007f0dab01c148 0000000000000000
0x00007f0e00868bf0:   0000000000000000 0000000000000000
0x00007f0e00868c00:   0000000000000000 00007f0e2b0257d8
0x00007f0e00868c10:   00007f0dab01c148 00007f0dab406340
0x00007f0e00868c20:   00007f0da0000bb0 00007f0dab406340 

Instructions: (pc=0x00007f0e147eacc9)
0x00007f0e147eabc9:   21 7f 14 0e 7f 00 00 f8 ab 7e 14 0e 7f 00 00 f8
0x00007f0e147eabd9:   ab 7e 14 0e 7f 00 00 00 00 00 00 00 00 00 00 00
0x00007f0e147eabe9:   00 00 00 00 00 00 00 b5 31 b6 2a 0e 7f 00 00 00
0x00007f0e147eabf9:   00 00 00 00 00 00 00 48 8b 3c 24 48 8b f7 49 8b
0x00007f0e147eac09:   ff f7 c4 0f 00 00 00 0f 84 12 00 00 00 48 83 ec
0x00007f0e147eac19:   08 e8 41 f9 07 16 48 83 c4 08 e9 05 00 00 00 e8
0x00007f0e147eac29:   33 f9 07 16 48 8b d8 5a 49 8b 47 08 49 c7 47 08
0x00007f0e147eac39:   00 00 00 00 ff e3 55 48 8b ec 48 83 ec 60 4c 89
0x00007f0e147eac49:   4d f8 4c 89 45 f0 48 89 4d e8 89 55 e0 48 89 75
0x00007f0e147eac59:   d8 48 89 7d d0 48 89 5d c8 4c 89 65 c0 4c 89 6d
0x00007f0e147eac69:   b8 4c 89 75 b0 4c 89 7d a8 c5 f8 ae 5d a0 8b 45
0x00007f0e147eac79:   a0 81 e0 c0 ff 00 00 3b 05 e2 53 73 16 0f 84 08
0x00007f0e147eac89:   00 00 00 c5 f8 ae 15 d4 53 73 16 4c 8b 7d 18 4c
0x00007f0e147eac99:   8b 25 91 b6 6c 16 8b 4d 10 85 c9 0f 84 12 00 00
0x00007f0e147eaca9:   00 48 8b 55 f8 8b f1 48 8b 02 48 83 c2 08 ff ce
0x00007f0e147eacb9:   50 75 f4 48 8b 5d e8 48 8b 75 f0 4c 8b ec ff d6
0x00007f0e147eacc9:   48 8b 7d d8 8b 75 e0 83 fe 0c 0f 84 43 00 00 00
0x00007f0e147eacd9:   83 fe 0b 0f 84 3a 00 00 00 83 fe 06 0f 84 36 00
0x00007f0e147eace9:   00 00 83 fe 07 0f 84 33 00 00 00 89 07 48 8d 65
0x00007f0e147eacf9:   a0 4c 8b 7d a8 4c 8b 75 b0 4c 8b 6d b8 4c 8b 65
0x00007f0e147ead09:   c0 48 8b 5d c8 c5 f8 ae 55 a0 48 83 c4 60 c5 f8
0x00007f0e147ead19:   77 5d c3 48 89 07 eb d5 c5 fa 11 07 eb cf c5 fb
0x00007f0e147ead29:   11 07 eb c9 49 89 47 08 49 ba 30 ba bb 2a 0e 7f
0x00007f0e147ead39:   00 00 4d 89 57 10 41 c7 47 18 e2 01 00 00 e9 7d
0x00007f0e147ead49:   ff ff ff f0 83 44 24 c0 00 c3 48 8b c4 48 83 c0
0x00007f0e147ead59:   08 c3 c3 50 51 52 56 b8 00 00 80 7f 33 c9 8b 54
0x00007f0e147ead69:   24 28 8b f2 81 e6 ff ff ff 7f 3b c6 0f 88 0f 00
0x00007f0e147ead79:   00 00 85 d2 b9 00 00 00 80 b8 ff ff ff 7f 0f 49
0x00007f0e147ead89:   c8 48 89 4c 24 28 5e 5a 59 58 c3 50 51 52 56 b8
0x00007f0e147ead99:   00 00 80 7f 33 c9 8b 54 24 28 8b f2 81 e6 ff ff
0x00007f0e147eada9:   ff 7f 3b c6 0f 88 1a 00 00 00 85 d2 48 b9 00 00
0x00007f0e147eadb9:   00 00 00 00 00 80 48 b8 ff ff ff ff ff ff ff 7f 


Stack slot to memory mapping:
stack at sp + 0 slots: 0x0 is NULL
stack at sp + 1 slots: 0x0 is NULL
stack at sp + 2 slots: 0x0000000716870a48 is an oop: java.lang.Thread 
{0x0000000716870a48} - klass: 'java/lang/Thread'
 - ---- fields (total size 46 words):
 - private 'priority' 'I' @12  5
 - private volatile 'eetop' 'J' @16  139696495659952 (a0000bb0 7f0d)
 - private final 'stackSize' 'J' @24  0 (0 0)
 - private final 'tid' 'J' @32  0 (0 0)
 - private volatile 'threadStatus' 'I' @40  0
 - private 'daemon' 'Z' @44  false
 - private volatile 'interrupted' 'Z' @45  false
 - private 'stillborn' 'Z' @46  false
 - private volatile 'name' 'Ljava/lang/String;' @48  NULL (0)
 - private 'target' 'Ljava/lang/Runnable;' @52  NULL (0)
 - private 'group' 'Ljava/lang/ThreadGroup;' @56  NULL (0)
 - private 'contextClassLoader' 'Ljava/lang/ClassLoader;' @60  NULL (0)
 - private 'inheritedAccessControlContext' 'Ljava/security/AccessControlContext;' @64  NULL (0)
 - 'threadLocals' 'Ljava/lang/ThreadLocal$ThreadLocalMap;' @68  NULL (0)
 - 'inheritableThreadLocals' 'Ljava/lang/ThreadLocal$ThreadLocalMap;' @72  NULL (0)
 - volatile 'parkBlocker' 'Ljava/lang/Object;' @76  NULL (0)
 - private volatile 'blocker' 'Lsun/nio/ch/Interruptible;' @80  NULL (0)
 - private final 'blockerLock' 'Ljava/lang/Object;' @84  NULL (0)
 - private volatile 'uncaughtExceptionHandler' 'Ljava/lang/Thread$UncaughtExceptionHandler;' @88  NULL (0)
 - 'threadLocalRandomSeed' 'J' @224  0 (0 0)
 - 'threadLocalRandomProbe' 'I' @232  0
 - 'threadLocalRandomSecondarySeed' 'I' @236  0
stack at sp + 3 slots: 0x00007f0e00001fa0 is an unknown value
stack at sp + 4 slots: 0x00007f0e00868af0 is pointing into the stack for thread: 0x00007f0da0000bb0
stack at sp + 5 slots: 0x00007f0e00868bc0 is pointing into the stack for thread: 0x00007f0da0000bb0
stack at sp + 6 slots: 0x00007f0e00868d78 is pointing into the stack for thread: 0x00007f0da0000bb0
stack at sp + 7 slots: 0x00007f0e00868c50 is pointing into the stack for thread: 0x00007f0da0000bb0


---------------  P R O C E S S  ---------------

Threads class SMR info:
_java_thread_list=0x00007f0da0001cf0, length=1, elements={
0x00007f0da0000bb0
}

Java Threads: ( => current thread )
=>0x00007f0da0000bb0 JavaThread "<no-name - thread is attaching>" [_thread_in_Java, id=8982, stack(0x00007f0e0006a000,0x00007f0e0086a000)]

Other Threads:
  0x00007f0e24083cb0 GCTaskThread "GC Thread#0" [stack: 0x00007f0e28210000,0x00007f0e28310000] [id=8966]
  0x00007f0e24094bd0 ConcurrentGCThread "G1 Main Marker" [stack: 0x00007f0e2810f000,0x00007f0e2820f000] [id=8967]
  0x00007f0e24095b50 ConcurrentGCThread "G1 Conc#0" [stack: 0x00007f0e2800e000,0x00007f0e2810e000] [id=8968]
  0x00007f0e2414a7a0 ConcurrentGCThread "G1 Refine#0" [stack: 0x00007f0e015d3000,0x00007f0e016d3000] [id=8969]
  0x00007f0e2414b6b0 ConcurrentGCThread "G1 Service" [stack: 0x00007f0e014d2000,0x00007f0e015d2000] [id=8970]

Threads with active compile tasks:

VM state: not at safepoint (normal execution)

VM Mutex/Monitor currently owned by a thread: None

Heap address: 0x0000000707000000, size: 3984 MB, Compressed Oops mode: Zero based, Oop shift amount: 3

CDS archive(s) mapped at: [0x00007f0dab000000-0x00007f0dabbe4000-0x00007f0dabbe4000), size 12468224, SharedBaseAddress: 0x00007f0dab000000, ArchiveRelocationMode: 1.
Compressed class space mapped at: 0x00007f0dac000000-0x00007f0dec000000, reserved size: 1073741824
Narrow klass base: 0x00007f0dab000000, Narrow klass shift: 0, Narrow klass range: 0x100000000

GC Precious Log:
 CPUs: 8 total, 8 available
 Memory: 15933M
 Large Page Support: Disabled
 NUMA Support: Disabled
 Compressed Oops: Enabled (Zero based)
 Heap Region Size: 2M
 Heap Min Capacity: 8M
 Heap Initial Capacity: 250M
 Heap Max Capacity: 3984M
 Pre-touch: Disabled
 Parallel Workers: 8
 Concurrent Workers: 2
 Concurrent Refinement Workers: 8
 Periodic GC: Disabled

Heap:
 garbage-first heap   total 260096K, used 1980K [0x0000000707000000, 0x0000000800000000)
  region size 2048K, 1 young (2048K), 0 survivors (0K)
 Metaspace       used 1K, committed 128K, reserved 1114112K
  class space    used 0K, committed 64K, reserved 1048576K

Heap Regions: E=young(eden), S=young(survivor), O=old, HS=humongous(starts), HC=humongous(continues), CS=collection set, F=free, OA=open archive, CA=closed archive, TAMS=top-at-mark-start (previous, next)
|   0|0x0000000707000000, 0x0000000707000000, 0x0000000707200000|  0%| F|  |TAMS 0x0000000707000000, 0x0000000707000000| Untracked 
|   1|0x0000000707200000, 0x0000000707200000, 0x0000000707400000|  0%| F|  |TAMS 0x0000000707200000, 0x0000000707200000| Untracked 
|   2|0x0000000707400000, 0x0000000707400000, 0x0000000707600000|  0%| F|  |TAMS 0x0000000707400000, 0x0000000707400000| Untracked 
|   3|0x0000000707600000, 0x0000000707600000, 0x0000000707800000|  0%| F|  |TAMS 0x0000000707600000, 0x0000000707600000| Untracked 
|   4|0x0000000707800000, 0x0000000707800000, 0x0000000707a00000|  0%| F|  |TAMS 0x0000000707800000, 0x0000000707800000| Untracked 
|   5|0x0000000707a00000, 0x0000000707a00000, 0x0000000707c00000|  0%| F|  |TAMS 0x0000000707a00000, 0x0000000707a00000| Untracked 
|   6|0x0000000707c00000, 0x0000000707c00000, 0x0000000707e00000|  0%| F|  |TAMS 0x0000000707c00000, 0x0000000707c00000| Untracked 
|   7|0x0000000707e00000, 0x0000000707e00000, 0x0000000708000000|  0%| F|  |TAMS 0x0000000707e00000, 0x0000000707e00000| Untracked 
|   8|0x0000000708000000, 0x0000000708000000, 0x0000000708200000|  0%| F|  |TAMS 0x0000000708000000, 0x0000000708000000| Untracked 
|   9|0x0000000708200000, 0x0000000708200000, 0x0000000708400000|  0%| F|  |TAMS 0x0000000708200000, 0x0000000708200000| Untracked 
|  10|0x0000000708400000, 0x0000000708400000, 0x0000000708600000|  0%| F|  |TAMS 0x0000000708400000, 0x0000000708400000| Untracked 
|  11|0x0000000708600000, 0x0000000708600000, 0x0000000708800000|  0%| F|  |TAMS 0x0000000708600000, 0x0000000708600000| Untracked 
|  12|0x0000000708800000, 0x0000000708800000, 0x0000000708a00000|  0%| F|  |TAMS 0x0000000708800000, 0x0000000708800000| Untracked 
|  13|0x0000000708a00000, 0x0000000708a00000, 0x0000000708c00000|  0%| F|  |TAMS 0x0000000708a00000, 0x0000000708a00000| Untracked 
|  14|0x0000000708c00000, 0x0000000708c00000, 0x0000000708e00000|  0%| F|  |TAMS 0x0000000708c00000, 0x0000000708c00000| Untracked 
|  15|0x0000000708e00000, 0x0000000708e00000, 0x0000000709000000|  0%| F|  |TAMS 0x0000000708e00000, 0x0000000708e00000| Untracked 
|  16|0x0000000709000000, 0x0000000709000000, 0x0000000709200000|  0%| F|  |TAMS 0x0000000709000000, 0x0000000709000000| Untracked 
|  17|0x0000000709200000, 0x0000000709200000, 0x0000000709400000|  0%| F|  |TAMS 0x0000000709200000, 0x0000000709200000| Untracked 
|  18|0x0000000709400000, 0x0000000709400000, 0x0000000709600000|  0%| F|  |TAMS 0x0000000709400000, 0x0000000709400000| Untracked 
|  19|0x0000000709600000, 0x0000000709600000, 0x0000000709800000|  0%| F|  |TAMS 0x0000000709600000, 0x0000000709600000| Untracked 
|  20|0x0000000709800000, 0x0000000709800000, 0x0000000709a00000|  0%| F|  |TAMS 0x0000000709800000, 0x0000000709800000| Untracked 
|  21|0x0000000709a00000, 0x0000000709a00000, 0x0000000709c00000|  0%| F|  |TAMS 0x0000000709a00000, 0x0000000709a00000| Untracked 
|  22|0x0000000709c00000, 0x0000000709c00000, 0x0000000709e00000|  0%| F|  |TAMS 0x0000000709c00000, 0x0000000709c00000| Untracked 
|  23|0x0000000709e00000, 0x0000000709e00000, 0x000000070a000000|  0%| F|  |TAMS 0x0000000709e00000, 0x0000000709e00000| Untracked 
|  24|0x000000070a000000, 0x000000070a000000, 0x000000070a200000|  0%| F|  |TAMS 0x000000070a000000, 0x000000070a000000| Untracked 
|  25|0x000000070a200000, 0x000000070a200000, 0x000000070a400000|  0%| F|  |TAMS 0x000000070a200000, 0x000000070a200000| Untracked 
|  26|0x000000070a400000, 0x000000070a400000, 0x000000070a600000|  0%| F|  |TAMS 0x000000070a400000, 0x000000070a400000| Untracked 
|  27|0x000000070a600000, 0x000000070a600000, 0x000000070a800000|  0%| F|  |TAMS 0x000000070a600000, 0x000000070a600000| Untracked 
|  28|0x000000070a800000, 0x000000070a800000, 0x000000070aa00000|  0%| F|  |TAMS 0x000000070a800000, 0x000000070a800000| Untracked 
|  29|0x000000070aa00000, 0x000000070aa00000, 0x000000070ac00000|  0%| F|  |TAMS 0x000000070aa00000, 0x000000070aa00000| Untracked 
|  30|0x000000070ac00000, 0x000000070ac00000, 0x000000070ae00000|  0%| F|  |TAMS 0x000000070ac00000, 0x000000070ac00000| Untracked 
|  31|0x000000070ae00000, 0x000000070ae00000, 0x000000070b000000|  0%| F|  |TAMS 0x000000070ae00000, 0x000000070ae00000| Untracked 
|  32|0x000000070b000000, 0x000000070b000000, 0x000000070b200000|  0%| F|  |TAMS 0x000000070b000000, 0x000000070b000000| Untracked 
|  33|0x000000070b200000, 0x000000070b200000, 0x000000070b400000|  0%| F|  |TAMS 0x000000070b200000, 0x000000070b200000| Untracked 
|  34|0x000000070b400000, 0x000000070b400000, 0x000000070b600000|  0%| F|  |TAMS 0x000000070b400000, 0x000000070b400000| Untracked 
|  35|0x000000070b600000, 0x000000070b600000, 0x000000070b800000|  0%| F|  |TAMS 0x000000070b600000, 0x000000070b600000| Untracked 
|  36|0x000000070b800000, 0x000000070b800000, 0x000000070ba00000|  0%| F|  |TAMS 0x000000070b800000, 0x000000070b800000| Untracked 
|  37|0x000000070ba00000, 0x000000070ba00000, 0x000000070bc00000|  0%| F|  |TAMS 0x000000070ba00000, 0x000000070ba00000| Untracked 
|  38|0x000000070bc00000, 0x000000070bc00000, 0x000000070be00000|  0%| F|  |TAMS 0x000000070bc00000, 0x000000070bc00000| Untracked 
|  39|0x000000070be00000, 0x000000070be00000, 0x000000070c000000|  0%| F|  |TAMS 0x000000070be00000, 0x000000070be00000| Untracked 
|  40|0x000000070c000000, 0x000000070c000000, 0x000000070c200000|  0%| F|  |TAMS 0x000000070c000000, 0x000000070c000000| Untracked 
|  41|0x000000070c200000, 0x000000070c200000, 0x000000070c400000|  0%| F|  |TAMS 0x000000070c200000, 0x000000070c200000| Untracked 
|  42|0x000000070c400000, 0x000000070c400000, 0x000000070c600000|  0%| F|  |TAMS 0x000000070c400000, 0x000000070c400000| Untracked 
|  43|0x000000070c600000, 0x000000070c600000, 0x000000070c800000|  0%| F|  |TAMS 0x000000070c600000, 0x000000070c600000| Untracked 
|  44|0x000000070c800000, 0x000000070c800000, 0x000000070ca00000|  0%| F|  |TAMS 0x000000070c800000, 0x000000070c800000| Untracked 
|  45|0x000000070ca00000, 0x000000070ca00000, 0x000000070cc00000|  0%| F|  |TAMS 0x000000070ca00000, 0x000000070ca00000| Untracked 
|  46|0x000000070cc00000, 0x000000070cc00000, 0x000000070ce00000|  0%| F|  |TAMS 0x000000070cc00000, 0x000000070cc00000| Untracked 
|  47|0x000000070ce00000, 0x000000070ce00000, 0x000000070d000000|  0%| F|  |TAMS 0x000000070ce00000, 0x000000070ce00000| Untracked 
|  48|0x000000070d000000, 0x000000070d000000, 0x000000070d200000|  0%| F|  |TAMS 0x000000070d000000, 0x000000070d000000| Untracked 
|  49|0x000000070d200000, 0x000000070d200000, 0x000000070d400000|  0%| F|  |TAMS 0x000000070d200000, 0x000000070d200000| Untracked 
|  50|0x000000070d400000, 0x000000070d400000, 0x000000070d600000|  0%| F|  |TAMS 0x000000070d400000, 0x000000070d400000| Untracked 
|  51|0x000000070d600000, 0x000000070d600000, 0x000000070d800000|  0%| F|  |TAMS 0x000000070d600000, 0x000000070d600000| Untracked 
|  52|0x000000070d800000, 0x000000070d800000, 0x000000070da00000|  0%| F|  |TAMS 0x000000070d800000, 0x000000070d800000| Untracked 
|  53|0x000000070da00000, 0x000000070da00000, 0x000000070dc00000|  0%| F|  |TAMS 0x000000070da00000, 0x000000070da00000| Untracked 
|  54|0x000000070dc00000, 0x000000070dc00000, 0x000000070de00000|  0%| F|  |TAMS 0x000000070dc00000, 0x000000070dc00000| Untracked 
|  55|0x000000070de00000, 0x000000070de00000, 0x000000070e000000|  0%| F|  |TAMS 0x000000070de00000, 0x000000070de00000| Untracked 
|  56|0x000000070e000000, 0x000000070e000000, 0x000000070e200000|  0%| F|  |TAMS 0x000000070e000000, 0x000000070e000000| Untracked 
|  57|0x000000070e200000, 0x000000070e200000, 0x000000070e400000|  0%| F|  |TAMS 0x000000070e200000, 0x000000070e200000| Untracked 
|  58|0x000000070e400000, 0x000000070e400000, 0x000000070e600000|  0%| F|  |TAMS 0x000000070e400000, 0x000000070e400000| Untracked 
|  59|0x000000070e600000, 0x000000070e600000, 0x000000070e800000|  0%| F|  |TAMS 0x000000070e600000, 0x000000070e600000| Untracked 
|  60|0x000000070e800000, 0x000000070e800000, 0x000000070ea00000|  0%| F|  |TAMS 0x000000070e800000, 0x000000070e800000| Untracked 
|  61|0x000000070ea00000, 0x000000070ea00000, 0x000000070ec00000|  0%| F|  |TAMS 0x000000070ea00000, 0x000000070ea00000| Untracked 
|  62|0x000000070ec00000, 0x000000070ec00000, 0x000000070ee00000|  0%| F|  |TAMS 0x000000070ec00000, 0x000000070ec00000| Untracked 
|  63|0x000000070ee00000, 0x000000070ee00000, 0x000000070f000000|  0%| F|  |TAMS 0x000000070ee00000, 0x000000070ee00000| Untracked 
|  64|0x000000070f000000, 0x000000070f000000, 0x000000070f200000|  0%| F|  |TAMS 0x000000070f000000, 0x000000070f000000| Untracked 
|  65|0x000000070f200000, 0x000000070f200000, 0x000000070f400000|  0%| F|  |TAMS 0x000000070f200000, 0x000000070f200000| Untracked 
|  66|0x000000070f400000, 0x000000070f400000, 0x000000070f600000|  0%| F|  |TAMS 0x000000070f400000, 0x000000070f400000| Untracked 
|  67|0x000000070f600000, 0x000000070f600000, 0x000000070f800000|  0%| F|  |TAMS 0x000000070f600000, 0x000000070f600000| Untracked 
|  68|0x000000070f800000, 0x000000070f800000, 0x000000070fa00000|  0%| F|  |TAMS 0x000000070f800000, 0x000000070f800000| Untracked 
|  69|0x000000070fa00000, 0x000000070fa00000, 0x000000070fc00000|  0%| F|  |TAMS 0x000000070fa00000, 0x000000070fa00000| Untracked 
|  70|0x000000070fc00000, 0x000000070fc00000, 0x000000070fe00000|  0%| F|  |TAMS 0x000000070fc00000, 0x000000070fc00000| Untracked 
|  71|0x000000070fe00000, 0x000000070fe00000, 0x0000000710000000|  0%| F|  |TAMS 0x000000070fe00000, 0x000000070fe00000| Untracked 
|  72|0x0000000710000000, 0x0000000710000000, 0x0000000710200000|  0%| F|  |TAMS 0x0000000710000000, 0x0000000710000000| Untracked 
|  73|0x0000000710200000, 0x0000000710200000, 0x0000000710400000|  0%| F|  |TAMS 0x0000000710200000, 0x0000000710200000| Untracked 
|  74|0x0000000710400000, 0x0000000710400000, 0x0000000710600000|  0%| F|  |TAMS 0x0000000710400000, 0x0000000710400000| Untracked 
|  75|0x0000000710600000, 0x0000000710600000, 0x0000000710800000|  0%| F|  |TAMS 0x0000000710600000, 0x0000000710600000| Untracked 
|  76|0x0000000710800000, 0x0000000710800000, 0x0000000710a00000|  0%| F|  |TAMS 0x0000000710800000, 0x0000000710800000| Untracked 
|  77|0x0000000710a00000, 0x0000000710a00000, 0x0000000710c00000|  0%| F|  |TAMS 0x0000000710a00000, 0x0000000710a00000| Untracked 
|  78|0x0000000710c00000, 0x0000000710c00000, 0x0000000710e00000|  0%| F|  |TAMS 0x0000000710c00000, 0x0000000710c00000| Untracked 
|  79|0x0000000710e00000, 0x0000000710e00000, 0x0000000711000000|  0%| F|  |TAMS 0x0000000710e00000, 0x0000000710e00000| Untracked 
|  80|0x0000000711000000, 0x0000000711000000, 0x0000000711200000|  0%| F|  |TAMS 0x0000000711000000, 0x0000000711000000| Untracked 
|  81|0x0000000711200000, 0x0000000711200000, 0x0000000711400000|  0%| F|  |TAMS 0x0000000711200000, 0x0000000711200000| Untracked 
|  82|0x0000000711400000, 0x0000000711400000, 0x0000000711600000|  0%| F|  |TAMS 0x0000000711400000, 0x0000000711400000| Untracked 
|  83|0x0000000711600000, 0x0000000711600000, 0x0000000711800000|  0%| F|  |TAMS 0x0000000711600000, 0x0000000711600000| Untracked 
|  84|0x0000000711800000, 0x0000000711800000, 0x0000000711a00000|  0%| F|  |TAMS 0x0000000711800000, 0x0000000711800000| Untracked 
|  85|0x0000000711a00000, 0x0000000711a00000, 0x0000000711c00000|  0%| F|  |TAMS 0x0000000711a00000, 0x0000000711a00000| Untracked 
|  86|0x0000000711c00000, 0x0000000711c00000, 0x0000000711e00000|  0%| F|  |TAMS 0x0000000711c00000, 0x0000000711c00000| Untracked 
|  87|0x0000000711e00000, 0x0000000711e00000, 0x0000000712000000|  0%| F|  |TAMS 0x0000000711e00000, 0x0000000711e00000| Untracked 
|  88|0x0000000712000000, 0x0000000712000000, 0x0000000712200000|  0%| F|  |TAMS 0x0000000712000000, 0x0000000712000000| Untracked 
|  89|0x0000000712200000, 0x0000000712200000, 0x0000000712400000|  0%| F|  |TAMS 0x0000000712200000, 0x0000000712200000| Untracked 
|  90|0x0000000712400000, 0x0000000712400000, 0x0000000712600000|  0%| F|  |TAMS 0x0000000712400000, 0x0000000712400000| Untracked 
|  91|0x0000000712600000, 0x0000000712600000, 0x0000000712800000|  0%| F|  |TAMS 0x0000000712600000, 0x0000000712600000| Untracked 
|  92|0x0000000712800000, 0x0000000712800000, 0x0000000712a00000|  0%| F|  |TAMS 0x0000000712800000, 0x0000000712800000| Untracked 
|  93|0x0000000712a00000, 0x0000000712a00000, 0x0000000712c00000|  0%| F|  |TAMS 0x0000000712a00000, 0x0000000712a00000| Untracked 
|  94|0x0000000712c00000, 0x0000000712c00000, 0x0000000712e00000|  0%| F|  |TAMS 0x0000000712c00000, 0x0000000712c00000| Untracked 
|  95|0x0000000712e00000, 0x0000000712e00000, 0x0000000713000000|  0%| F|  |TAMS 0x0000000712e00000, 0x0000000712e00000| Untracked 
|  96|0x0000000713000000, 0x0000000713000000, 0x0000000713200000|  0%| F|  |TAMS 0x0000000713000000, 0x0000000713000000| Untracked 
|  97|0x0000000713200000, 0x0000000713200000, 0x0000000713400000|  0%| F|  |TAMS 0x0000000713200000, 0x0000000713200000| Untracked 
|  98|0x0000000713400000, 0x0000000713400000, 0x0000000713600000|  0%| F|  |TAMS 0x0000000713400000, 0x0000000713400000| Untracked 
|  99|0x0000000713600000, 0x0000000713600000, 0x0000000713800000|  0%| F|  |TAMS 0x0000000713600000, 0x0000000713600000| Untracked 
| 100|0x0000000713800000, 0x0000000713800000, 0x0000000713a00000|  0%| F|  |TAMS 0x0000000713800000, 0x0000000713800000| Untracked 
| 101|0x0000000713a00000, 0x0000000713a00000, 0x0000000713c00000|  0%| F|  |TAMS 0x0000000713a00000, 0x0000000713a00000| Untracked 
| 102|0x0000000713c00000, 0x0000000713c00000, 0x0000000713e00000|  0%| F|  |TAMS 0x0000000713c00000, 0x0000000713c00000| Untracked 
| 103|0x0000000713e00000, 0x0000000713e00000, 0x0000000714000000|  0%| F|  |TAMS 0x0000000713e00000, 0x0000000713e00000| Untracked 
| 104|0x0000000714000000, 0x0000000714000000, 0x0000000714200000|  0%| F|  |TAMS 0x0000000714000000, 0x0000000714000000| Untracked 
| 105|0x0000000714200000, 0x0000000714200000, 0x0000000714400000|  0%| F|  |TAMS 0x0000000714200000, 0x0000000714200000| Untracked 
| 106|0x0000000714400000, 0x0000000714400000, 0x0000000714600000|  0%| F|  |TAMS 0x0000000714400000, 0x0000000714400000| Untracked 
| 107|0x0000000714600000, 0x0000000714600000, 0x0000000714800000|  0%| F|  |TAMS 0x0000000714600000, 0x0000000714600000| Untracked 
| 108|0x0000000714800000, 0x0000000714800000, 0x0000000714a00000|  0%| F|  |TAMS 0x0000000714800000, 0x0000000714800000| Untracked 
| 109|0x0000000714a00000, 0x0000000714a00000, 0x0000000714c00000|  0%| F|  |TAMS 0x0000000714a00000, 0x0000000714a00000| Untracked 
| 110|0x0000000714c00000, 0x0000000714c00000, 0x0000000714e00000|  0%| F|  |TAMS 0x0000000714c00000, 0x0000000714c00000| Untracked 
| 111|0x0000000714e00000, 0x0000000714e00000, 0x0000000715000000|  0%| F|  |TAMS 0x0000000714e00000, 0x0000000714e00000| Untracked 
| 112|0x0000000715000000, 0x0000000715000000, 0x0000000715200000|  0%| F|  |TAMS 0x0000000715000000, 0x0000000715000000| Untracked 
| 113|0x0000000715200000, 0x0000000715200000, 0x0000000715400000|  0%| F|  |TAMS 0x0000000715200000, 0x0000000715200000| Untracked 
| 114|0x0000000715400000, 0x0000000715400000, 0x0000000715600000|  0%| F|  |TAMS 0x0000000715400000, 0x0000000715400000| Untracked 
| 115|0x0000000715600000, 0x0000000715600000, 0x0000000715800000|  0%| F|  |TAMS 0x0000000715600000, 0x0000000715600000| Untracked 
| 116|0x0000000715800000, 0x0000000715800000, 0x0000000715a00000|  0%| F|  |TAMS 0x0000000715800000, 0x0000000715800000| Untracked 
| 117|0x0000000715a00000, 0x0000000715a00000, 0x0000000715c00000|  0%| F|  |TAMS 0x0000000715a00000, 0x0000000715a00000| Untracked 
| 118|0x0000000715c00000, 0x0000000715c00000, 0x0000000715e00000|  0%| F|  |TAMS 0x0000000715c00000, 0x0000000715c00000| Untracked 
| 119|0x0000000715e00000, 0x0000000715e00000, 0x0000000716000000|  0%| F|  |TAMS 0x0000000715e00000, 0x0000000715e00000| Untracked 
| 120|0x0000000716000000, 0x0000000716000000, 0x0000000716200000|  0%| F|  |TAMS 0x0000000716000000, 0x0000000716000000| Untracked 
| 121|0x0000000716200000, 0x0000000716200000, 0x0000000716400000|  0%| F|  |TAMS 0x0000000716200000, 0x0000000716200000| Untracked 
| 122|0x0000000716400000, 0x0000000716400000, 0x0000000716600000|  0%| F|  |TAMS 0x0000000716400000, 0x0000000716400000| Untracked 
| 123|0x0000000716600000, 0x0000000716600000, 0x0000000716800000|  0%| F|  |TAMS 0x0000000716600000, 0x0000000716600000| Untracked 
| 124|0x0000000716800000, 0x00000007168e15f0, 0x0000000716a00000| 44%| E|  |TAMS 0x0000000716800000, 0x0000000716800000| Complete 
|1990|0x00000007ffc00000, 0x00000007ffd76000, 0x00000007ffe00000| 73%|OA|  |TAMS 0x00000007ffc00000, 0x00000007ffc00000| Untracked 
|1991|0x00000007ffe00000, 0x00000007ffe79000, 0x0000000800000000| 23%|CA|  |TAMS 0x00000007ffe00000, 0x00000007ffe00000| Untracked 

Card table byte_map: [0x00007f0e0c323000,0x00007f0e0caeb000] _byte_map_base: 0x00007f0e08aeb000

Marking Bits (Prev, Next): (CMBitMap*) 0x00007f0e24084750, (CMBitMap*) 0x00007f0e24084790
 Prev Bits: [0x00007f0e07d1b000, 0x00007f0e0bb5b000)
 Next Bits: [0x00007f0e03edb000, 0x00007f0e07d1b000)

Polling page: 0x00007f0e2b19f000

Metaspace:

Usage:
  Non-class:     64 bytes used.
      Class:   1008 bytes used.
       Both:      1.05 KB used.

Virtual space:
  Non-class space:       64.00 MB reserved,      64.00 KB ( <1%) committed,  1 nodes.
      Class space:        1.00 GB reserved,      64.00 KB ( <1%) committed,  1 nodes.
             Both:        1.06 GB reserved,     128.00 KB ( <1%) committed. 

Chunk freelists:
   Non-Class:  12.00 MB
       Class:  15.75 MB
        Both:  27.75 MB

MaxMetaspaceSize: unlimited
CompressedClassSpaceSize: 1.00 GB
Initial GC threshold: 21.00 MB
Current GC threshold: 17179869184.00 GB
CDS: on
MetaspaceReclaimPolicy: balanced
 - commit_granule_bytes: 65536.
 - commit_granule_words: 8192.
 - virtual_space_node_default_size: 8388608.
 - enlarge_chunks_in_place: 1.
 - new_chunks_are_fully_committed: 0.
 - uncommit_free_chunks: 1.
 - use_allocation_guard: 0.
 - handle_deallocations: 1.


Internal statistics:

num_allocs_failed_limit: 0.
num_arena_births: 2.
num_arena_deaths: 0.
num_vsnodes_births: 2.
num_vsnodes_deaths: 0.
num_space_committed: 2.
num_space_uncommitted: 0.
num_chunks_returned_to_freelist: 0.
num_chunks_taken_from_freelist: 3.
num_chunk_merges: 0.
num_chunk_splits: 2.
num_chunks_enlarged: 0.
num_inconsistent_stats: 0.

CodeHeap 'non-profiled nmethods': size=120028Kb used=0Kb max_used=0Kb free=120028Kb
 bounds [0x00007f0e14d7c000, 0x00007f0e14fec000, 0x00007f0e1c2b3000]
CodeHeap 'profiled nmethods': size=120028Kb used=0Kb max_used=0Kb free=120028Kb
 bounds [0x00007f0e0d2b3000, 0x00007f0e0d523000, 0x00007f0e147ea000]
CodeHeap 'non-nmethods': size=5704Kb used=263Kb max_used=353Kb free=5440Kb
 bounds [0x00007f0e147ea000, 0x00007f0e14a5a000, 0x00007f0e14d7c000]
 total_blobs=70 nmethods=0 adapters=47
 compilation: enabled
              stopped_count=0, restarted_count=0
 full_count=0

Compilation events (0 events):
No events

GC Heap History (0 events):
No events

Dll operation events (1 events):
Event: 0.003 Loaded shared library /usr/lib64/jvm/java-17-openjdk-17/lib/libjava.so

Deoptimization events (0 events):
No events

Classes loaded (0 events):
No events

Classes unloaded (0 events):
No events

Classes redefined (0 events):
No events

Internal exceptions (0 events):
No events

VM Operations (0 events):
No events

Memory protections (2 events):
Event: 0.003 Protecting memory [0x00007f0e29677000,0x00007f0e2967b000] with protection modes 0
Event: 3.155 Protecting memory [0x00007f0e0006a000,0x00007f0e0006e000] with protection modes 0

Nmethod flushes (0 events):
No events

Events (1 events):
Event: 3.155 Thread 0x00007f0da0000bb0 Thread added: 0x00007f0da0000bb0


Dynamic libraries:
707000000-716a00000 rw-p 00000000 00:00 0 
716a00000-7ffc00000 ---p 00000000 00:00 0 
7ffc00000-7ffd00000 rw-p 00000000 00:00 0 
7ffd00000-7ffd76000 rw-p 00c96000 103:01 3224008211                      /usr/lib64/jvm/java-17-openjdk-17/lib/server/classes.jsa
7ffd76000-7ffe00000 rw-p 00000000 00:00 0 
7ffe00000-7ffe79000 rw-p 00c1d000 103:01 3224008211                      /usr/lib64/jvm/java-17-openjdk-17/lib/server/classes.jsa
7ffe79000-800000000 rw-p 00000000 00:00 0 
563ef049c000-563ef049d000 r-xp 00000000 103:01 3224154516                /usr/lib64/jvm/java-17-openjdk-17/bin/java
563ef049d000-563ef049e000 r--p 00001000 103:01 3224154516                /usr/lib64/jvm/java-17-openjdk-17/bin/java
563ef049e000-563ef049f000 rw-p 00002000 103:01 3224154516                /usr/lib64/jvm/java-17-openjdk-17/bin/java
563ef1cca000-563ef1d10000 rw-p 00000000 00:00 0                          [heap]
7f0da0000000-7f0da0021000 rw-p 00000000 00:00 0 
7f0da0021000-7f0da4000000 ---p 00000000 00:00 0 
7f0da7000000-7f0da7010000 rw-p 00000000 00:00 0 
7f0da7010000-7f0dab000000 ---p 00000000 00:00 0 
7f0dab000000-7f0dabbe4000 rw-p 00001000 103:01 3224008211                /usr/lib64/jvm/java-17-openjdk-17/lib/server/classes.jsa
7f0dabbe4000-7f0dac040000 ---p 00000000 00:00 0 
7f0dac040000-7f0dac050000 rw-p 00000000 00:00 0 
7f0dac050000-7f0dec000000 ---p 00000000 00:00 0 
7f0dec000000-7f0dec021000 rw-p 00000000 00:00 0 
7f0dec021000-7f0df0000000 ---p 00000000 00:00 0 
7f0df0000000-7f0df0021000 rw-p 00000000 00:00 0 
7f0df0021000-7f0df4000000 ---p 00000000 00:00 0 
7f0df4000000-7f0df4021000 rw-p 00000000 00:00 0 
7f0df4021000-7f0df8000000 ---p 00000000 00:00 0 
7f0df8000000-7f0df8021000 rw-p 00000000 00:00 0 
7f0df8021000-7f0dfc000000 ---p 00000000 00:00 0 
7f0dfc000000-7f0dfc021000 rw-p 00000000 00:00 0 
7f0dfc021000-7f0e00000000 ---p 00000000 00:00 0 
7f0e00069000-7f0e0006a000 ---p 00000000 00:00 0 
7f0e0006a000-7f0e0006e000 ---p 00000000 00:00 0 
7f0e0006e000-7f0e0088a000 rw-p 00000000 00:00 0 
7f0e0088a000-7f0e009c4000 r--p 00000000 103:01 3221989462                /opt/traps/lib/libmoduleng64.so
7f0e009c4000-7f0e00be8000 r-xp 0013a000 103:01 3221989462                /opt/traps/lib/libmoduleng64.so
7f0e00be8000-7f0e00d43000 r--p 0035e000 103:01 3221989462                /opt/traps/lib/libmoduleng64.so
7f0e00d43000-7f0e00de3000 rw-p 004b8000 103:01 3221989462                /opt/traps/lib/libmoduleng64.so
7f0e00de3000-7f0e00de9000 rw-p 00000000 00:00 0 
7f0e00ec6000-7f0e00f94000 r-xp 00000000 103:01 3224008193                /usr/lib64/jvm/java-17-openjdk-17/lib/libjsvml.so
7f0e00f94000-7f0e00f96000 rw-p 000cd000 103:01 3224008193                /usr/lib64/jvm/java-17-openjdk-17/lib/libjsvml.so
7f0e00f96000-7f0e01499000 rw-p 00000000 00:00 0 
7f0e014d1000-7f0e014d2000 ---p 00000000 00:00 0 
7f0e014d2000-7f0e015d2000 rw-p 00000000 00:00 0 
7f0e015d2000-7f0e015d3000 ---p 00000000 00:00 0 
7f0e015d3000-7f0e042c3000 rw-p 00000000 00:00 0 
7f0e042c3000-7f0e07d0b000 ---p 00000000 00:00 0 
7f0e07d0b000-7f0e08103000 rw-p 00000000 00:00 0 
7f0e08103000-7f0e0bb4b000 ---p 00000000 00:00 0 
7f0e0bb4b000-7f0e0bbd8000 rw-p 00000000 00:00 0 
7f0e0bbd8000-7f0e0c321000 ---p 00000000 00:00 0 
7f0e0c321000-7f0e0c3a0000 rw-p 00000000 00:00 0 
7f0e0c3a0000-7f0e0cae9000 ---p 00000000 00:00 0 
7f0e0cae9000-7f0e0cb68000 rw-p 00000000 00:00 0 
7f0e0cb68000-7f0e0d2b1000 ---p 00000000 00:00 0 
7f0e0d2b1000-7f0e0d2b3000 rw-p 00000000 00:00 0 
7f0e0d2b3000-7f0e0d523000 rwxp 00000000 00:00 0 
7f0e0d523000-7f0e147ea000 ---p 00000000 00:00 0 
7f0e147ea000-7f0e14a5a000 rwxp 00000000 00:00 0 
7f0e14a5a000-7f0e14d7c000 ---p 00000000 00:00 0 
7f0e14d7c000-7f0e14fec000 rwxp 00000000 00:00 0 
7f0e14fec000-7f0e1c2b3000 ---p 00000000 00:00 0 
7f0e1c2b3000-7f0e24000000 r--s 00000000 103:01 3224154529                /usr/lib64/jvm/java-17-openjdk-17/lib/modules
7f0e24000000-7f0e2417b000 rw-p 00000000 00:00 0 
7f0e2417b000-7f0e28000000 ---p 00000000 00:00 0 
7f0e2800d000-7f0e2800e000 ---p 00000000 00:00 0 
7f0e2800e000-7f0e2810e000 rw-p 00000000 00:00 0 
7f0e2810e000-7f0e2810f000 ---p 00000000 00:00 0 
7f0e2810f000-7f0e2820f000 rw-p 00000000 00:00 0 
7f0e2820f000-7f0e28210000 ---p 00000000 00:00 0 
7f0e28210000-7f0e28b9e000 rw-p 00000000 00:00 0 
7f0e28b9e000-7f0e28c84000 ---p 00000000 00:00 0 
7f0e28c84000-7f0e28c89000 rw-p 00000000 00:00 0 
7f0e28c89000-7f0e28d6f000 ---p 00000000 00:00 0 
7f0e28d6f000-7f0e28d74000 rw-p 00000000 00:00 0 
7f0e28d74000-7f0e28d7b000 ---p 00000000 00:00 0 
7f0e28d7b000-7f0e28da0000 r-xp 00000000 103:01 3224065757                /usr/lib64/jvm/java-17-openjdk-17/lib/libjava.so
7f0e28da0000-7f0e28da1000 r--p 00025000 103:01 3224065757                /usr/lib64/jvm/java-17-openjdk-17/lib/libjava.so
7f0e28da1000-7f0e28da2000 rw-p 00026000 103:01 3224065757                /usr/lib64/jvm/java-17-openjdk-17/lib/libjava.so
7f0e28da2000-7f0e28da3000 rw-p 00000000 00:00 0 
7f0e28da3000-7f0e29677000 r--s 00000000 103:01 1075005711                /var/lib/sss/mc/passwd
7f0e29677000-7f0e2967b000 ---p 00000000 00:00 0 
7f0e2967b000-7f0e29778000 rw-p 00000000 00:00 0 
7f0e29778000-7f0e297a3000 r-xp 00000000 103:01 1073920183                /lib64/libgcc_s.so.1
7f0e297a3000-7f0e297a4000 r--p 0002b000 103:01 1073920183                /lib64/libgcc_s.so.1
7f0e297a4000-7f0e297a5000 rw-p 0002c000 103:01 1073920183                /lib64/libgcc_s.so.1
7f0e297a5000-7f0e298ee000 r-xp 00000000 103:01 1074576220                /lib64/libm-2.31.so
7f0e298ee000-7f0e298ef000 r--p 00148000 103:01 1074576220                /lib64/libm-2.31.so
7f0e298ef000-7f0e298f1000 rw-p 00149000 103:01 1074576220                /lib64/libm-2.31.so
7f0e298f1000-7f0e29b33000 r-xp 00000000 103:01 2150252704                /usr/lib64/libstdc++.so.6.0.33
7f0e29b33000-7f0e29b3e000 r--p 00242000 103:01 2150252704                /usr/lib64/libstdc++.so.6.0.33
7f0e29b3e000-7f0e29b41000 rw-p 0024d000 103:01 2150252704                /usr/lib64/libstdc++.so.6.0.33
7f0e29b41000-7f0e29b45000 rw-p 00000000 00:00 0 
7f0e29b45000-7f0e2adfa000 r-xp 00000000 103:01 3224008215                /usr/lib64/jvm/java-17-openjdk-17/lib/server/libjvm.so
7f0e2adfa000-7f0e2aeb2000 r--p 012b4000 103:01 3224008215                /usr/lib64/jvm/java-17-openjdk-17/lib/server/libjvm.so
7f0e2aeb2000-7f0e2aee7000 rw-p 0136c000 103:01 3224008215                /usr/lib64/jvm/java-17-openjdk-17/lib/server/libjvm.so
7f0e2aee7000-7f0e2af44000 rw-p 00000000 00:00 0 
7f0e2af44000-7f0e2af62000 r-xp 00000000 103:01 1074576235                /lib64/libpthread-2.31.so
7f0e2af62000-7f0e2af63000 r--p 0001d000 103:01 1074576235                /lib64/libpthread-2.31.so
7f0e2af63000-7f0e2af64000 rw-p 0001e000 103:01 1074576235                /lib64/libpthread-2.31.so
7f0e2af64000-7f0e2af6a000 rw-p 00000000 00:00 0 
7f0e2af6a000-7f0e2af6d000 r-xp 00000000 103:01 1074576218                /lib64/libdl-2.31.so
7f0e2af6d000-7f0e2af6e000 r--p 00002000 103:01 1074576218                /lib64/libdl-2.31.so
7f0e2af6e000-7f0e2af6f000 rw-p 00003000 103:01 1074576218                /lib64/libdl-2.31.so
7f0e2af6f000-7f0e2af86000 r-xp 00000000 103:01 2150947386                /usr/lib64/libz.so.1.2.13
7f0e2af86000-7f0e2af87000 r--p 00016000 103:01 2150947386                /usr/lib64/libz.so.1.2.13
7f0e2af87000-7f0e2af88000 rw-p 00017000 103:01 2150947386                /usr/lib64/libz.so.1.2.13
7f0e2af88000-7f0e2b08f000 r-xp 00000000 103:01 1074576216                /lib64/libc-2.31.so
7f0e2b08f000-7f0e2b090000 r-xp 00107000 103:01 1074576216                /lib64/libc-2.31.so
7f0e2b090000-7f0e2b170000 r-xp 00108000 103:01 1074576216                /lib64/libc-2.31.so
7f0e2b170000-7f0e2b173000 r--p 001e7000 103:01 1074576216                /lib64/libc-2.31.so
7f0e2b173000-7f0e2b17b000 rw-p 001ea000 103:01 1074576216                /lib64/libc-2.31.so
7f0e2b17b000-7f0e2b17f000 rw-p 00000000 00:00 0 
7f0e2b180000-7f0e2b181000 r-xp 00000000 00:00 0 
7f0e2b181000-7f0e2b189000 rw-s 00000000 103:01 1074614650                /tmp/hsperfdata_swittche/8940
7f0e2b189000-7f0e2b193000 r-xp 00000000 103:01 1074764314                /lib64/libnss_sss.so.2
7f0e2b193000-7f0e2b194000 r--p 00009000 103:01 1074764314                /lib64/libnss_sss.so.2
7f0e2b194000-7f0e2b195000 rw-p 0000a000 103:01 1074764314                /lib64/libnss_sss.so.2
7f0e2b195000-7f0e2b19d000 r-xp 00000000 103:01 1073919851                /lib64/libnss_compat-2.31.so
7f0e2b19d000-7f0e2b19e000 r--p 00007000 103:01 1073919851                /lib64/libnss_compat-2.31.so
7f0e2b19e000-7f0e2b19f000 rw-p 00008000 103:01 1073919851                /lib64/libnss_compat-2.31.so
7f0e2b19f000-7f0e2b1a0000 ---p 00000000 00:00 0 
7f0e2b1a0000-7f0e2b1a1000 r--p 00000000 00:00 0 
7f0e2b1a1000-7f0e2b1a2000 ---p 00000000 00:00 0 
7f0e2b1a2000-7f0e2b1a7000 r-xp 00000000 103:01 3224065760                /usr/lib64/jvm/java-17-openjdk-17/lib/libjimage.so
7f0e2b1a7000-7f0e2b1a8000 r--p 00004000 103:01 3224065760                /usr/lib64/jvm/java-17-openjdk-17/lib/libjimage.so
7f0e2b1a8000-7f0e2b1a9000 rw-p 00005000 103:01 3224065760                /usr/lib64/jvm/java-17-openjdk-17/lib/libjimage.so
7f0e2b1a9000-7f0e2b1b8000 r-xp 00000000 103:01 3224065761                /usr/lib64/jvm/java-17-openjdk-17/lib/libjli.so
7f0e2b1b8000-7f0e2b1b9000 r--p 0000f000 103:01 3224065761                /usr/lib64/jvm/java-17-openjdk-17/lib/libjli.so
7f0e2b1b9000-7f0e2b1ba000 rw-p 00010000 103:01 3224065761                /usr/lib64/jvm/java-17-openjdk-17/lib/libjli.so
7f0e2b1ba000-7f0e2b1bc000 rw-p 00000000 00:00 0 
7f0e2b1bc000-7f0e2b1e7000 r-xp 00000000 103:01 1074576061                /lib64/ld-2.31.so
7f0e2b1e7000-7f0e2b1e8000 r--p 0002a000 103:01 1074576061                /lib64/ld-2.31.so
7f0e2b1e8000-7f0e2b1ea000 rw-p 0002b000 103:01 1074576061                /lib64/ld-2.31.so
7ffd66204000-7ffd66226000 rw-p 00000000 00:00 0                          [stack]
7ffd663b4000-7ffd663b8000 r--p 00000000 00:00 0                          [vvar]
7ffd663b8000-7ffd663ba000 r-xp 00000000 00:00 0                          [vdso]
ffffffffff600000-ffffffffff601000 --xp 00000000 00:00 0                  [vsyscall]


VM Arguments:
jvm_args: -Dclassworlds.conf=/usr/share/maven/bin/m2.conf -Dmaven.home=/usr/share/maven -Dlibrary.jansi.path=/usr/share/maven/lib/jansi-native -Dmaven.multiModuleProjectDirectory=/home/swittche/Downloads/Search_With_Login_And_Jakarta_Security 
java_command: org.codehaus.plexus.classworlds.launcher.Launcher package
java_class_path (initial): /usr/share/java/plexus-classworlds.jar
Launcher Type: SUN_STANDARD

[Global flags]
     intx CICompilerCount                          = 4                                         {product} {ergonomic}
     uint ConcGCThreads                            = 2                                         {product} {ergonomic}
     uint G1ConcRefinementThreads                  = 8                                         {product} {ergonomic}
   size_t G1HeapRegionSize                         = 2097152                                   {product} {ergonomic}
    uintx GCDrainStackTargetSize                   = 64                                        {product} {ergonomic}
   size_t InitialHeapSize                          = 262144000                                 {product} {ergonomic}
   size_t MarkStackSize                            = 4194304                                   {product} {ergonomic}
   size_t MaxHeapSize                              = 4177526784                                {product} {ergonomic}
   size_t MaxNewSize                               = 2506096640                                {product} {ergonomic}
   size_t MinHeapDeltaBytes                        = 2097152                                   {product} {ergonomic}
   size_t MinHeapSize                              = 8388608                                   {product} {ergonomic}
    uintx NonNMethodCodeHeapSize                   = 5839372                                {pd product} {ergonomic}
    uintx NonProfiledCodeHeapSize                  = 122909434                              {pd product} {ergonomic}
    uintx ProfiledCodeHeapSize                     = 122909434                              {pd product} {ergonomic}
    uintx ReservedCodeCacheSize                    = 251658240                              {pd product} {ergonomic}
     bool SegmentedCodeCache                       = true                                      {product} {ergonomic}
   size_t SoftMaxHeapSize                          = 4177526784                             {manageable} {ergonomic}
     bool UseCompressedClassPointers               = true                           {product lp64_product} {ergonomic}
     bool UseCompressedOops                        = true                           {product lp64_product} {ergonomic}
     bool UseG1GC                                  = true                                      {product} {ergonomic}

Logging:
Log output configuration:
 #0: stdout all=warning uptime,level,tags
 #1: stderr all=off uptime,level,tags

Environment Variables:
JAVA_HOME=/usr/lib64/jvm/java-17-openjdk-17
PATH=/home/swittche/.nvm/versions/node/v24.11.1/bin:/usr/local/bin:/usr/bin:/bin:/snap/bin
SHELL=/bin/bash
DISPLAY=:0
HOSTTYPE=x86_64
OSTYPE=linux
MACHTYPE=x86_64-suse-linux
LANG=en_US.UTF-8
TERM=xterm-256color

Active Locale:
LC_ALL=C
LC_COLLATE=C
LC_CTYPE=C
LC_MESSAGES=C
LC_MONETARY=C
LC_NUMERIC=C
LC_TIME=C

Signal Handlers:
   SIGSEGV: crash_handler in libjvm.so, mask=11100100010111111101111111111110, flags=SA_RESTART|SA_SIGINFO, unblocked
    SIGBUS: crash_handler in libjvm.so, mask=11100100010111111101111111111110, flags=SA_RESTART|SA_SIGINFO, unblocked
    SIGFPE: crash_handler in libjvm.so, mask=11100100010111111101111111111110, flags=SA_RESTART|SA_SIGINFO, unblocked
   SIGPIPE: javaSignalHandler in libjvm.so, mask=11100100010111111101111111111110, flags=SA_RESTART|SA_SIGINFO, blocked
   SIGXFSZ: javaSignalHandler in libjvm.so, mask=11100100010111111101111111111110, flags=SA_RESTART|SA_SIGINFO, blocked
    SIGILL: crash_handler in libjvm.so, mask=11100100010111111101111111111110, flags=SA_RESTART|SA_SIGINFO, unblocked
   SIGUSR2: SR_handler in libjvm.so, mask=00100000000000000000000000000000, flags=SA_RESTART|SA_SIGINFO, blocked
    SIGHUP: SIG_DFL, mask=00000000000000000000000000000000, flags=none, blocked
    SIGINT: SIG_DFL, mask=00000000000000000000000000000000, flags=none, blocked
   SIGTERM: SIG_DFL, mask=00000000000000000000000000000000, flags=none, blocked
   SIGQUIT: UserHandler in libjvm.so, mask=11100100010111111101111111111110, flags=SA_RESTART|SA_SIGINFO, blocked
   SIGTRAP: crash_handler in libjvm.so, mask=11100100010111111101111111111110, flags=SA_RESTART|SA_SIGINFO, unblocked


Periodic native trim disabled


---------------  S Y S T E M  ---------------

OS:
NAME="openSUSE Leap"
VERSION="15.5"
ID="opensuse-leap"
ID_LIKE="suse opensuse"
VERSION_ID="15.5"
PRETTY_NAME="openSUSE Leap 15.5"
ANSI_COLOR="0;32"
CPE_NAME="cpe:/o:opensuse:leap:15.5"
BUG_REPORT_URL="https://bugs.opensuse.org"
HOME_URL="https://www.opensuse.org/"
DOCUMENTATION_URL="https://en.opensuse.org/Portal:Leap"
LOGO="distributor-logo-Leap"
uname: Linux 5.14.21-150500.55.88-default #1 SMP PREEMPT_DYNAMIC Fri Dec 6 16:43:20 UTC 2024 (e102a89) x86_64
OS uptime: 0 days 0:07 hours
libc: glibc 2.31 NPTL 2.31 
rlimit (soft/hard): STACK 8192k/infinity , CORE infinity/infinity , NPROC 63605/63605 , NOFILE 524288/524288 , AS infinity/infinity , CPU infinity/infinity , DATA infinity/infinity , FSIZE infinity/infinity , MEMLOCK 64k/64k
load average: 5.64 4.78 2.48

/proc/meminfo:
MemTotal:       16316184 kB
MemFree:        10009448 kB
MemAvailable:   12955728 kB
Buffers:            5436 kB
Cached:          3019604 kB
SwapCached:            0 kB
Active:           487136 kB
Inactive:        4984260 kB
Active(anon):       5028 kB
Inactive(anon):  2478412 kB
Active(file):     482108 kB
Inactive(file):  2505848 kB
Unevictable:         176 kB
Mlocked:             176 kB
SwapTotal:      16777212 kB
SwapFree:       16777212 kB
Dirty:               892 kB
Writeback:            24 kB
AnonPages:       2359060 kB
Mapped:           990696 kB
Shmem:             37004 kB
KReclaimable:     293728 kB
Slab:             395248 kB
SReclaimable:     293728 kB
SUnreclaim:       101520 kB
KernelStack:       12016 kB
PageTables:        29216 kB
NFS_Unstable:          0 kB
Bounce:                0 kB
WritebackTmp:          0 kB
CommitLimit:    24935304 kB
Committed_AS:    7421536 kB
VmallocTotal:   34359738367 kB
VmallocUsed:       59316 kB
VmallocChunk:          0 kB
Percpu:             5376 kB
HardwareCorrupted:     0 kB
AnonHugePages:    745472 kB
ShmemHugePages:        0 kB
ShmemPmdMapped:        0 kB
FileHugePages:         0 kB
FilePmdMapped:         0 kB
CmaTotal:              0 kB
CmaFree:               0 kB
Unaccepted:            0 kB
HugePages_Total:       0
HugePages_Free:        0
HugePages_Rsvd:        0
HugePages_Surp:        0
Hugepagesize:       2048 kB
Hugetlb:               0 kB
DirectMap4k:      375272 kB
DirectMap2M:     9007104 kB
DirectMap1G:     7340032 kB

/sys/kernel/mm/transparent_hugepage/enabled: [always] madvise never
/sys/kernel/mm/transparent_hugepage/hpage_pmd_size: 2097152
/sys/kernel/mm/transparent_hugepage/defrag (defrag/compaction efforts parameter): always defer defer+madvise [madvise] never

Process Memory:
Virtual Size: 6375232K (peak: 6440768K)
Resident Set Size: 44288K (peak: 44288K) (anon: 24588K, file: 19700K, shmem: 0K)
Swapped out: 0K
C-Heap outstanding allocations: 23318K, retained: 985K
glibc malloc tunables: (default)

/proc/sys/kernel/threads-max (system-wide limit on the number of threads): 127210
/proc/sys/vm/max_map_count (maximum number of memory map areas a process may have): 65530
/proc/sys/vm/swappiness (control to define how aggressively the kernel swaps out anonymous memory): 60
/proc/sys/kernel/pid_max (system-wide limit on number of process identifiers): 32768

container (cgroup) information:
container_type: cgroupv1
cpu_cpuset_cpus: 0-7
cpu_memory_nodes: 0
active_processor_count: 8
cpu_quota: no quota
cpu_period: 100000
cpu_shares: no shares
memory_limit_in_bytes: unlimited
memory_and_swap_limit_in_bytes: unlimited
memory_soft_limit_in_bytes: unlimited
memory_usage_in_bytes: 3504424 k
memory_max_usage_in_bytes: 3504424 k
kernel_memory_usage_in_bytes: 151504 k
kernel_memory_max_usage_in_bytes: unlimited
kernel_memory_limit_in_bytes: 151520 k
maximum number of tasks: unlimited
current number of tasks: 280

Steal ticks since vm start: 0
Steal ticks percentage since vm start:  0.000

CPU: total 8 (initial active 8) (4 cores per cpu, 2 threads per core) family 6 model 45 stepping 7 microcode 0x71a, cx8, cmov, fxsr, ht, mmx, sse, sse2, sse3, ssse3, sse4.1, sse4.2, popcnt, tsc, tscinvbit, avx, aes, clmul, vzeroupper, clflush
CPU Model and flags from /proc/cpuinfo:
model name	: Intel(R) Core(TM) i7-3820 CPU @ 3.60GHz
flags		: fpu vme de pse tsc msr pae mce cx8 apic sep mtrr pge mca cmov pat pse36 clflush dts acpi mmx fxsr sse sse2 ss ht tm pbe syscall nx pdpe1gb rdtscp lm constant_tsc arch_perfmon pebs bts rep_good nopl xtopology nonstop_tsc cpuid aperfmperf pni pclmulqdq dtes64 monitor ds_cpl vmx est tm2 ssse3 cx16 xtpr pdcm pcid dca sse4_1 sse4_2 x2apic popcnt tsc_deadline_timer aes xsave avx lahf_lm epb pti ssbd ibrs ibpb stibp tpr_shadow vnmi flexpriority ept vpid xsaveopt dtherm ida arat pln pts md_clear flush_l1d

Online cpus: 0-7
Offline cpus: 
BIOS frequency limitation: <Not Available>
Frequency switch latency (ns): 0
Available cpu frequencies: <Not Available>
Current governor: powersave
Core performance/turbo boost: <Not Available>

Memory: 4k page, physical 16316184k(10008944k free), swap 16777212k(16777212k free)
Page Sizes: 4k

vm_info: OpenJDK 64-Bit Server VM (17.0.13+11-suse-150400.3.48.2-x8664) for linux-amd64 JRE (17.0.13+11-suse-150400.3.48.2-x8664), built on Nov  4 2024 13:19:33 by "abuild" with gcc 7.5.0

END.
